[32m[info][0m mode: compression
[32m[info][0m original data: random
[32m[info][0m compressed data: /gpfs/alpine/proj-shared/csc143/jieyang/data/512x512x512/velocity_x.dat.mgard
[32m[info][0m data type: Single precision
[32m[info][0m error bound mode: Absolute
[32m[info][0m error bound: 1.000000e+00
[32m[info][0m s: inf
[32m[info][0m lossless: Huffman
[32m[info][0m device type: HIP
[32m[info][0m Verbose: enabled
[32m[info][0m Using 1 devices.
[32m[info][0m Estimated memory usage: 0.081062GB, Available: 16.000000GB
[32m[info][0m DomainDecomposer: no decomposition used
[32m[info][0m Output preallocated: 1
[32m[info][0m Input previously pinned: 1
[32m[info][0m Output previously pinned: 1
[34m[time][0m Prepare input and output buffer time: 0.001076 s
[32m[info][0m Compressing subdomain 0 with shape: 128 128 128 
[32m[info][0m Select device: AMD GPU
[34m[time][0m Decomposition time: 0.002741 s
[34m[time][0m Decomposition throughput: 3.060939 GB/s
[34m[time][0m Quantization time: 0.004401 s
[34m[time][0m Quantization throughput: 1.905909 GB/s
[32m[info][0m Outlier ratio: 0/2097152 (0.000000%)
[32m[info][0m Huffman block size: 20480
[32m[info][0m Huffman dictionary size: 8192
[32m[info][0m Huffman compress ratio: 8388608/1845728 (4.544878)
[34m[time][0m Huffman compress time: 0.034407 s
[34m[time][0m Low-level compression time: 0.041611 s
[34m[time][0m Low-level compression throughput: 0.201595 GB/s
[34m[time][0m Compress single subdomain time: 0.055311 s
[34m[time][0m Aggregated low-level compression time: 0.058587 s
[34m[time][0m Aggregated low-level compression throughput: 0.143183 GB/s
[34m[time][0m Serialization time: 0.000906 s
[34m[time][0m High-level compression time: 0.060976 s
[34m[time][0m High-level compression throughput: 0.137572 GB/s
[32m[info][0m Compression ratio: 4.54463
[32m[info][0m Using 1 devices.
[32m[info][0m Output preallocated: 1
[32m[info][0m Input previously pinned: 1
[32m[info][0m Output previously pinned: 1
[34m[time][0m Prepare input and output buffer time: 0.000005 s
[32m[info][0m DomainDecomposer: no decomposition used
[34m[time][0m Deserialization time: 0.000002 s
[32m[info][0m Decompressing subdomain 0 with shape: 128 128 128 
[32m[info][0m Select device: AMD GPU
[34m[time][0m Huffman decompress time: 0.064624 s
[34m[time][0m Dequantization time: 0.000067 s
[34m[time][0m Dequantization throughput: 125.173212 GB/s
[34m[time][0m Recomposition time: 0.001776 s
[34m[time][0m Recomposition throughput: 4.723900 GB/s
[34m[time][0m Low-level decompression time: 0.066551 s
[34m[time][0m Low-level decompression throughput: 0.126047 GB/s
[34m[time][0m Decompress single subdomain time: 0.079072 s
[34m[time][0m Aggregated low-level decompression time: 0.082202 s
[34m[time][0m Aggregated low-level decompression throughput: 0.102049 GB/s
[34m[time][0m High-level decompression time: 0.082259 s
[34m[time][0m High-level decompression throughput: 0.101978 GB/s
[32m[info][0m Absoluate L_inf error: 3.005648e-02 ([32mSatisified[0m)
[32m[info][0m MSE: 6.030397e-05
[32m[info][0m PSNR: 61.2814
[32m[info][0m Using 1 devices.
[32m[info][0m Estimated memory usage: 0.081062GB, Available: 16.000000GB
[32m[info][0m DomainDecomposer: no decomposition used
[32m[info][0m Output preallocated: 1
[32m[info][0m Input previously pinned: 1
[32m[info][0m Output previously pinned: 1
[34m[time][0m Prepare input and output buffer time: 0.001023 s
[32m[info][0m Compressing subdomain 0 with shape: 128 128 128 
[32m[info][0m Select device: AMD GPU
[34m[time][0m Decomposition time: 0.000953 s
[34m[time][0m Decomposition throughput: 8.798043 GB/s
[34m[time][0m Quantization time: 0.000062 s
[34m[time][0m Quantization throughput: 135.418074 GB/s
[32m[info][0m Outlier ratio: 0/2097152 (0.000000%)
[32m[info][0m Huffman block size: 20480
[32m[info][0m Huffman dictionary size: 8192
[32m[info][0m Huffman compress ratio: 8388608/1845728 (4.544878)
[34m[time][0m Huffman compress time: 0.030754 s
[34m[time][0m Low-level compression time: 0.031828 s
[34m[time][0m Low-level compression throughput: 0.263557 GB/s
[34m[time][0m Compress single subdomain time: 0.044427 s
[34m[time][0m Aggregated low-level compression time: 0.047597 s
[34m[time][0m Aggregated low-level compression throughput: 0.176242 GB/s
[34m[time][0m Serialization time: 0.000898 s
[34m[time][0m High-level compression time: 0.049623 s
[34m[time][0m High-level compression throughput: 0.169046 GB/s
[32m[info][0m Compression ratio: 4.54463
[32m[info][0m Using 1 devices.
[32m[info][0m Output preallocated: 1
[32m[info][0m Input previously pinned: 1
[32m[info][0m Output previously pinned: 1
[34m[time][0m Prepare input and output buffer time: 0.000004 s
[32m[info][0m DomainDecomposer: no decomposition used
[34m[time][0m Deserialization time: 0.000002 s
[32m[info][0m Decompressing subdomain 0 with shape: 128 128 128 
[32m[info][0m Select device: AMD GPU
[34m[time][0m Huffman decompress time: 0.064322 s
[34m[time][0m Dequantization time: 0.000066 s
[34m[time][0m Dequantization throughput: 127.869274 GB/s
[34m[time][0m Recomposition time: 0.000931 s
[34m[time][0m Recomposition throughput: 9.006151 GB/s
[34m[time][0m Low-level decompression time: 0.065391 s
[34m[time][0m Low-level decompression throughput: 0.128284 GB/s
[34m[time][0m Decompress single subdomain time: 0.077804 s
[34m[time][0m Aggregated low-level decompression time: 0.080961 s
[34m[time][0m Aggregated low-level decompression throughput: 0.103613 GB/s
[34m[time][0m High-level decompression time: 0.081012 s
[34m[time][0m High-level decompression throughput: 0.103547 GB/s
[32m[info][0m Absoluate L_inf error: 3.005648e-02 ([32mSatisified[0m)
[32m[info][0m MSE: 6.030397e-05
[32m[info][0m PSNR: 61.2814
[32m[info][0m Using 1 devices.
[32m[info][0m Estimated memory usage: 0.081062GB, Available: 16.000000GB
[32m[info][0m DomainDecomposer: no decomposition used
[32m[info][0m Output preallocated: 1
[32m[info][0m Input previously pinned: 1
[32m[info][0m Output previously pinned: 1
[34m[time][0m Prepare input and output buffer time: 0.001009 s
[32m[info][0m Compressing subdomain 0 with shape: 128 128 128 
[32m[info][0m Select device: AMD GPU
[34m[time][0m Decomposition time: 0.001001 s
[34m[time][0m Decomposition throughput: 8.376278 GB/s
[34m[time][0m Quantization time: 0.000059 s
[34m[time][0m Quantization throughput: 143.128325 GB/s
[32m[info][0m Outlier ratio: 0/2097152 (0.000000%)
[32m[info][0m Huffman block size: 20480
[32m[info][0m Huffman dictionary size: 8192
[32m[info][0m Huffman compress ratio: 8388608/1845728 (4.544878)
[34m[time][0m Huffman compress time: 0.030368 s
[34m[time][0m Low-level compression time: 0.031463 s
[34m[time][0m Low-level compression throughput: 0.266614 GB/s
[34m[time][0m Compress single subdomain time: 0.044199 s
[34m[time][0m Aggregated low-level compression time: 0.047356 s
[34m[time][0m Aggregated low-level compression throughput: 0.177138 GB/s
[34m[time][0m Serialization time: 0.000907 s
[34m[time][0m High-level compression time: 0.049385 s
[34m[time][0m High-level compression throughput: 0.169862 GB/s
[32m[info][0m Compression ratio: 4.54463
[32m[info][0m Using 1 devices.
[32m[info][0m Output preallocated: 1
[32m[info][0m Input previously pinned: 1
[32m[info][0m Output previously pinned: 1
[34m[time][0m Prepare input and output buffer time: 0.000005 s
[32m[info][0m DomainDecomposer: no decomposition used
[34m[time][0m Deserialization time: 0.000002 s
[32m[info][0m Decompressing subdomain 0 with shape: 128 128 128 
[32m[info][0m Select device: AMD GPU
[34m[time][0m Huffman decompress time: 0.065237 s
[34m[time][0m Dequantization time: 0.000067 s
[34m[time][0m Dequantization throughput: 125.193762 GB/s
[34m[time][0m Recomposition time: 0.000929 s
[34m[time][0m Recomposition throughput: 9.031789 GB/s
[34m[time][0m Low-level decompression time: 0.066289 s
[34m[time][0m Low-level decompression throughput: 0.126547 GB/s
[34m[time][0m Decompress single subdomain time: 0.078734 s
[34m[time][0m Aggregated low-level decompression time: 0.081885 s
[34m[time][0m Aggregated low-level decompression throughput: 0.102444 GB/s
[34m[time][0m High-level decompression time: 0.081937 s
[34m[time][0m High-level decompression throughput: 0.102379 GB/s
[32m[info][0m Absoluate L_inf error: 3.005648e-02 ([32mSatisified[0m)
[32m[info][0m MSE: 6.030397e-05
[32m[info][0m PSNR: 61.2814
[32m[info][0m Using 1 devices.
[32m[info][0m Estimated memory usage: 0.081062GB, Available: 16.000000GB
[32m[info][0m DomainDecomposer: no decomposition used
[32m[info][0m Output preallocated: 1
[32m[info][0m Input previously pinned: 1
[32m[info][0m Output previously pinned: 1
[34m[time][0m Prepare input and output buffer time: 0.001016 s
[32m[info][0m Compressing subdomain 0 with shape: 128 128 128 
[32m[info][0m Select device: AMD GPU
[34m[time][0m Decomposition time: 0.000999 s
[34m[time][0m Decomposition throughput: 8.396938 GB/s
[34m[time][0m Quantization time: 0.000058 s
[34m[time][0m Quantization throughput: 143.471036 GB/s
[32m[info][0m Outlier ratio: 0/2097152 (0.000000%)
[32m[info][0m Huffman block size: 20480
[32m[info][0m Huffman dictionary size: 8192
[32m[info][0m Huffman compress ratio: 8388608/1845728 (4.544878)
[34m[time][0m Huffman compress time: 0.030209 s
[34m[time][0m Low-level compression time: 0.031302 s
[34m[time][0m Low-level compression throughput: 0.267986 GB/s
[34m[time][0m Compress single subdomain time: 0.044020 s
[34m[time][0m Aggregated low-level compression time: 0.047189 s
[34m[time][0m Aggregated low-level compression throughput: 0.177768 GB/s
[34m[time][0m Serialization time: 0.000898 s
[34m[time][0m High-level compression time: 0.049210 s
[34m[time][0m High-level compression throughput: 0.170466 GB/s
[32m[info][0m Compression ratio: 4.54463
[32m[info][0m Using 1 devices.
[32m[info][0m Output preallocated: 1
[32m[info][0m Input previously pinned: 1
[32m[info][0m Output previously pinned: 1
[34m[time][0m Prepare input and output buffer time: 0.000004 s
[32m[info][0m DomainDecomposer: no decomposition used
[34m[time][0m Deserialization time: 0.000002 s
[32m[info][0m Decompressing subdomain 0 with shape: 128 128 128 
[32m[info][0m Select device: AMD GPU
[34m[time][0m Huffman decompress time: 0.063337 s
[34m[time][0m Dequantization time: 0.000065 s
[34m[time][0m Dequantization throughput: 128.262255 GB/s
[34m[time][0m Recomposition time: 0.000932 s
[34m[time][0m Recomposition throughput: 8.998596 GB/s
[34m[time][0m Low-level decompression time: 0.064389 s
[34m[time][0m Low-level decompression throughput: 0.130280 GB/s
[34m[time][0m Decompress single subdomain time: 0.076816 s
[34m[time][0m Aggregated low-level decompression time: 0.079955 s
[34m[time][0m Aggregated low-level decompression throughput: 0.104917 GB/s
[34m[time][0m High-level decompression time: 0.080006 s
[34m[time][0m High-level decompression throughput: 0.104850 GB/s
[32m[info][0m Absoluate L_inf error: 3.005648e-02 ([32mSatisified[0m)
[32m[info][0m MSE: 6.030397e-05
[32m[info][0m PSNR: 61.2814
[32m[info][0m Using 1 devices.
[32m[info][0m Estimated memory usage: 0.081062GB, Available: 16.000000GB
[32m[info][0m DomainDecomposer: no decomposition used
[32m[info][0m Output preallocated: 1
[32m[info][0m Input previously pinned: 1
[32m[info][0m Output previously pinned: 1
[34m[time][0m Prepare input and output buffer time: 0.001009 s
[32m[info][0m Compressing subdomain 0 with shape: 128 128 128 
[32m[info][0m Select device: AMD GPU
[34m[time][0m Decomposition time: 0.000960 s
[34m[time][0m Decomposition throughput: 8.740000 GB/s
[34m[time][0m Quantization time: 0.000059 s
[34m[time][0m Quantization throughput: 141.864809 GB/s
[32m[info][0m Outlier ratio: 0/2097152 (0.000000%)
[32m[info][0m Huffman block size: 20480
[32m[info][0m Huffman dictionary size: 8192
[32m[info][0m Huffman compress ratio: 8388608/1845728 (4.544878)
[34m[time][0m Huffman compress time: 0.029740 s
[34m[time][0m Low-level compression time: 0.030802 s
[34m[time][0m Low-level compression throughput: 0.272341 GB/s
[34m[time][0m Compress single subdomain time: 0.043418 s
[34m[time][0m Aggregated low-level compression time: 0.046601 s
[34m[time][0m Aggregated low-level compression throughput: 0.180010 GB/s
[34m[time][0m Serialization time: 0.000898 s
[34m[time][0m High-level compression time: 0.048618 s
[34m[time][0m High-level compression throughput: 0.172542 GB/s
[32m[info][0m Compression ratio: 4.54463
[32m[info][0m Using 1 devices.
[32m[info][0m Output preallocated: 1
[32m[info][0m Input previously pinned: 1
[32m[info][0m Output previously pinned: 1
[34m[time][0m Prepare input and output buffer time: 0.000004 s
[32m[info][0m DomainDecomposer: no decomposition used
[34m[time][0m Deserialization time: 0.000002 s
[32m[info][0m Decompressing subdomain 0 with shape: 128 128 128 
[32m[info][0m Select device: AMD GPU
[34m[time][0m Huffman decompress time: 0.064993 s
[34m[time][0m Dequantization time: 0.000065 s
[34m[time][0m Dequantization throughput: 128.498024 GB/s
[34m[time][0m Recomposition time: 0.000930 s
[34m[time][0m Recomposition throughput: 9.020503 GB/s
[34m[time][0m Low-level decompression time: 0.066043 s
[34m[time][0m Low-level decompression throughput: 0.127017 GB/s
[34m[time][0m Decompress single subdomain time: 0.078547 s
[34m[time][0m Aggregated low-level decompression time: 0.081703 s
[34m[time][0m Aggregated low-level decompression throughput: 0.102672 GB/s
[34m[time][0m High-level decompression time: 0.081755 s
[34m[time][0m High-level decompression throughput: 0.102607 GB/s
[32m[info][0m Absoluate L_inf error: 3.005648e-02 ([32mSatisified[0m)
[32m[info][0m MSE: 6.030397e-05
[32m[info][0m PSNR: 61.2814
[32m[info][0m Using 1 devices.
[32m[info][0m Estimated memory usage: 0.081062GB, Available: 16.000000GB
[32m[info][0m DomainDecomposer: no decomposition used
[32m[info][0m Output preallocated: 1
[32m[info][0m Input previously pinned: 1
[32m[info][0m Output previously pinned: 1
[34m[time][0m Prepare input and output buffer time: 0.001006 s
[32m[info][0m Compressing subdomain 0 with shape: 128 128 128 
[32m[info][0m Select device: AMD GPU
[34m[time][0m Decomposition time: 0.000962 s
[34m[time][0m Decomposition throughput: 8.718798 GB/s
[34m[time][0m Quantization time: 0.000058 s
[34m[time][0m Quantization throughput: 143.517673 GB/s
[32m[info][0m Outlier ratio: 0/2097152 (0.000000%)
[32m[info][0m Huffman block size: 20480
[32m[info][0m Huffman dictionary size: 8192
[32m[info][0m Huffman compress ratio: 8388608/1845728 (4.544878)
[34m[time][0m Huffman compress time: 0.029293 s
[34m[time][0m Low-level compression time: 0.030349 s
[34m[time][0m Low-level compression throughput: 0.276403 GB/s
[34m[time][0m Compress single subdomain time: 0.042941 s
[34m[time][0m Aggregated low-level compression time: 0.046100 s
[34m[time][0m Aggregated low-level compression throughput: 0.181966 GB/s
[34m[time][0m Serialization time: 0.000898 s
[34m[time][0m High-level compression time: 0.048114 s
[34m[time][0m High-level compression throughput: 0.174349 GB/s
[32m[info][0m Compression ratio: 4.54463
[32m[info][0m Using 1 devices.
[32m[info][0m Output preallocated: 1
[32m[info][0m Input previously pinned: 1
[32m[info][0m Output previously pinned: 1
[34m[time][0m Prepare input and output buffer time: 0.000005 s
[32m[info][0m DomainDecomposer: no decomposition used
[34m[time][0m Deserialization time: 0.000002 s
[32m[info][0m Decompressing subdomain 0 with shape: 128 128 128 
[32m[info][0m Select device: AMD GPU
[34m[time][0m Huffman decompress time: 0.064179 s
[34m[time][0m Dequantization time: 0.000065 s
[34m[time][0m Dequantization throughput: 128.123165 GB/s
[34m[time][0m Recomposition time: 0.000929 s
[34m[time][0m Recomposition throughput: 9.031400 GB/s
[34m[time][0m Low-level decompression time: 0.065228 s
[34m[time][0m Low-level decompression throughput: 0.128604 GB/s
[34m[time][0m Decompress single subdomain time: 0.077773 s
[34m[time][0m Aggregated low-level decompression time: 0.080922 s
[34m[time][0m Aggregated low-level decompression throughput: 0.103663 GB/s
[34m[time][0m High-level decompression time: 0.080973 s
[34m[time][0m High-level decompression throughput: 0.103597 GB/s
[32m[info][0m Absoluate L_inf error: 3.005648e-02 ([32mSatisified[0m)
[32m[info][0m MSE: 6.030397e-05
[32m[info][0m PSNR: 61.2814
[32m[info][0m Using 1 devices.
[32m[info][0m Estimated memory usage: 0.081062GB, Available: 16.000000GB
[32m[info][0m DomainDecomposer: no decomposition used
[32m[info][0m Output preallocated: 1
[32m[info][0m Input previously pinned: 1
[32m[info][0m Output previously pinned: 1
[34m[time][0m Prepare input and output buffer time: 0.001012 s
[32m[info][0m Compressing subdomain 0 with shape: 128 128 128 
[32m[info][0m Select device: AMD GPU
[34m[time][0m Decomposition time: 0.000958 s
[34m[time][0m Decomposition throughput: 8.752246 GB/s
[34m[time][0m Quantization time: 0.000059 s
[34m[time][0m Quantization throughput: 142.372845 GB/s
[32m[info][0m Outlier ratio: 0/2097152 (0.000000%)
[32m[info][0m Huffman block size: 20480
[32m[info][0m Huffman dictionary size: 8192
[32m[info][0m Huffman compress ratio: 8388608/1845728 (4.544878)
[34m[time][0m Huffman compress time: 0.029335 s
[34m[time][0m Low-level compression time: 0.030388 s
[34m[time][0m Low-level compression throughput: 0.276046 GB/s
[34m[time][0m Compress single subdomain time: 0.043050 s
[34m[time][0m Aggregated low-level compression time: 0.046207 s
[34m[time][0m Aggregated low-level compression throughput: 0.181543 GB/s
[34m[time][0m Serialization time: 0.000899 s
[34m[time][0m High-level compression time: 0.048228 s
[34m[time][0m High-level compression throughput: 0.173936 GB/s
[32m[info][0m Compression ratio: 4.54463
[32m[info][0m Using 1 devices.
[32m[info][0m Output preallocated: 1
[32m[info][0m Input previously pinned: 1
[32m[info][0m Output previously pinned: 1
[34m[time][0m Prepare input and output buffer time: 0.000004 s
[32m[info][0m DomainDecomposer: no decomposition used
[34m[time][0m Deserialization time: 0.000002 s
[32m[info][0m Decompressing subdomain 0 with shape: 128 128 128 
[32m[info][0m Select device: AMD GPU
[34m[time][0m Huffman decompress time: 0.063747 s
[34m[time][0m Dequantization time: 0.000066 s
[34m[time][0m Dequantization throughput: 127.325835 GB/s
[34m[time][0m Recomposition time: 0.000930 s
[34m[time][0m Recomposition throughput: 9.023036 GB/s
[34m[time][0m Low-level decompression time: 0.064796 s
[34m[time][0m Low-level decompression throughput: 0.129461 GB/s
[34m[time][0m Decompress single subdomain time: 0.077137 s
[34m[time][0m Aggregated low-level decompression time: 0.080255 s
[34m[time][0m Aggregated low-level decompression throughput: 0.104524 GB/s
[34m[time][0m High-level decompression time: 0.080307 s
[34m[time][0m High-level decompression throughput: 0.104457 GB/s
[32m[info][0m Absoluate L_inf error: 3.005648e-02 ([32mSatisified[0m)
[32m[info][0m MSE: 6.030397e-05
[32m[info][0m PSNR: 61.2814
[32m[info][0m Using 1 devices.
[32m[info][0m Estimated memory usage: 0.081062GB, Available: 16.000000GB
[32m[info][0m DomainDecomposer: no decomposition used
[32m[info][0m Output preallocated: 1
[32m[info][0m Input previously pinned: 1
[32m[info][0m Output previously pinned: 1
[34m[time][0m Prepare input and output buffer time: 0.001005 s
[32m[info][0m Compressing subdomain 0 with shape: 128 128 128 
[32m[info][0m Select device: AMD GPU
[34m[time][0m Decomposition time: 0.000996 s
[34m[time][0m Decomposition throughput: 8.424564 GB/s
[34m[time][0m Quantization time: 0.000059 s
[34m[time][0m Quantization throughput: 142.639143 GB/s
[32m[info][0m Outlier ratio: 0/2097152 (0.000000%)
[32m[info][0m Huffman block size: 20480
[32m[info][0m Huffman dictionary size: 8192
[32m[info][0m Huffman compress ratio: 8388608/1845728 (4.544878)
[34m[time][0m Huffman compress time: 0.029615 s
[34m[time][0m Low-level compression time: 0.030706 s
[34m[time][0m Low-level compression throughput: 0.273191 GB/s
[34m[time][0m Compress single subdomain time: 0.043389 s
[34m[time][0m Aggregated low-level compression time: 0.046604 s
[34m[time][0m Aggregated low-level compression throughput: 0.179997 GB/s
[34m[time][0m Serialization time: 0.000908 s
[34m[time][0m High-level compression time: 0.048628 s
[34m[time][0m High-level compression throughput: 0.172506 GB/s
[32m[info][0m Compression ratio: 4.54463
[32m[info][0m Using 1 devices.
[32m[info][0m Output preallocated: 1
[32m[info][0m Input previously pinned: 1
[32m[info][0m Output previously pinned: 1
[34m[time][0m Prepare input and output buffer time: 0.000004 s
[32m[info][0m DomainDecomposer: no decomposition used
[34m[time][0m Deserialization time: 0.000002 s
[32m[info][0m Decompressing subdomain 0 with shape: 128 128 128 
[32m[info][0m Select device: AMD GPU
[34m[time][0m Huffman decompress time: 0.064021 s
[34m[time][0m Dequantization time: 0.000065 s
[34m[time][0m Dequantization throughput: 129.371971 GB/s
[34m[time][0m Recomposition time: 0.000926 s
[34m[time][0m Recomposition throughput: 9.060332 GB/s
[34m[time][0m Low-level decompression time: 0.065066 s
[34m[time][0m Low-level decompression throughput: 0.128924 GB/s
[34m[time][0m Decompress single subdomain time: 0.077518 s
[34m[time][0m Aggregated low-level decompression time: 0.080657 s
[34m[time][0m Aggregated low-level decompression throughput: 0.104003 GB/s
[34m[time][0m High-level decompression time: 0.080708 s
[34m[time][0m High-level decompression throughput: 0.103937 GB/s
[32m[info][0m Absoluate L_inf error: 3.005648e-02 ([32mSatisified[0m)
[32m[info][0m MSE: 6.030397e-05
[32m[info][0m PSNR: 61.2814
[32m[info][0m Using 1 devices.
[32m[info][0m Estimated memory usage: 0.081062GB, Available: 16.000000GB
[32m[info][0m DomainDecomposer: no decomposition used
[32m[info][0m Output preallocated: 1
[32m[info][0m Input previously pinned: 1
[32m[info][0m Output previously pinned: 1
[34m[time][0m Prepare input and output buffer time: 0.001011 s
[32m[info][0m Compressing subdomain 0 with shape: 128 128 128 
[32m[info][0m Select device: AMD GPU
[34m[time][0m Decomposition time: 0.000954 s
[34m[time][0m Decomposition throughput: 8.794722 GB/s
[34m[time][0m Quantization time: 0.000059 s
[34m[time][0m Quantization throughput: 141.697066 GB/s
[32m[info][0m Outlier ratio: 0/2097152 (0.000000%)
[32m[info][0m Huffman block size: 20480
[32m[info][0m Huffman dictionary size: 8192
[32m[info][0m Huffman compress ratio: 8388608/1845728 (4.544878)
[34m[time][0m Huffman compress time: 0.030285 s
[34m[time][0m Low-level compression time: 0.031334 s
[34m[time][0m Low-level compression throughput: 0.267713 GB/s
[34m[time][0m Compress single subdomain time: 0.044040 s
[34m[time][0m Aggregated low-level compression time: 0.047206 s
[34m[time][0m Aggregated low-level compression throughput: 0.177700 GB/s
[34m[time][0m Serialization time: 0.000898 s
[34m[time][0m High-level compression time: 0.049224 s
[34m[time][0m High-level compression throughput: 0.170417 GB/s
[32m[info][0m Compression ratio: 4.54463
[32m[info][0m Using 1 devices.
[32m[info][0m Output preallocated: 1
[32m[info][0m Input previously pinned: 1
[32m[info][0m Output previously pinned: 1
[34m[time][0m Prepare input and output buffer time: 0.000004 s
[32m[info][0m DomainDecomposer: no decomposition used
[34m[time][0m Deserialization time: 0.000002 s
[32m[info][0m Decompressing subdomain 0 with shape: 128 128 128 
[32m[info][0m Select device: AMD GPU
[34m[time][0m Huffman decompress time: 0.063775 s
[34m[time][0m Dequantization time: 0.000066 s
[34m[time][0m Dequantization throughput: 127.968758 GB/s
[34m[time][0m Recomposition time: 0.000976 s
[34m[time][0m Recomposition throughput: 8.598286 GB/s
[34m[time][0m Low-level decompression time: 0.064872 s
[34m[time][0m Low-level decompression throughput: 0.129310 GB/s
[34m[time][0m Decompress single subdomain time: 0.077294 s
[34m[time][0m Aggregated low-level decompression time: 0.080441 s
[34m[time][0m Aggregated low-level decompression throughput: 0.104283 GB/s
[34m[time][0m High-level decompression time: 0.080492 s
[34m[time][0m High-level decompression throughput: 0.104216 GB/s
[32m[info][0m Absoluate L_inf error: 3.005648e-02 ([32mSatisified[0m)
[32m[info][0m MSE: 6.030397e-05
[32m[info][0m PSNR: 61.2814
[32m[info][0m Using 1 devices.
[32m[info][0m Estimated memory usage: 0.081062GB, Available: 16.000000GB
[32m[info][0m DomainDecomposer: no decomposition used
[32m[info][0m Output preallocated: 1
[32m[info][0m Input previously pinned: 1
[32m[info][0m Output previously pinned: 1
[34m[time][0m Prepare input and output buffer time: 0.001009 s
[32m[info][0m Compressing subdomain 0 with shape: 128 128 128 
[32m[info][0m Select device: AMD GPU
[34m[time][0m Decomposition time: 0.000962 s
[34m[time][0m Decomposition throughput: 8.719804 GB/s
[34m[time][0m Quantization time: 0.000058 s
[34m[time][0m Quantization throughput: 143.591373 GB/s
[32m[info][0m Outlier ratio: 0/2097152 (0.000000%)
[32m[info][0m Huffman block size: 20480
[32m[info][0m Huffman dictionary size: 8192
[32m[info][0m Huffman compress ratio: 8388608/1845728 (4.544878)
[34m[time][0m Huffman compress time: 0.030693 s
[34m[time][0m Low-level compression time: 0.031750 s
[34m[time][0m Low-level compression throughput: 0.264210 GB/s
[34m[time][0m Compress single subdomain time: 0.044334 s
[34m[time][0m Aggregated low-level compression time: 0.047506 s
[34m[time][0m Aggregated low-level compression throughput: 0.176582 GB/s
[34m[time][0m Serialization time: 0.000900 s
[34m[time][0m High-level compression time: 0.049525 s
[34m[time][0m High-level compression throughput: 0.169382 GB/s
[32m[info][0m Compression ratio: 4.54463
[32m[info][0m Using 1 devices.
[32m[info][0m Output preallocated: 1
[32m[info][0m Input previously pinned: 1
[32m[info][0m Output previously pinned: 1
[34m[time][0m Prepare input and output buffer time: 0.000004 s
[32m[info][0m DomainDecomposer: no decomposition used
[34m[time][0m Deserialization time: 0.000002 s
[32m[info][0m Decompressing subdomain 0 with shape: 128 128 128 
[32m[info][0m Select device: AMD GPU
[34m[time][0m Huffman decompress time: 0.063870 s
[34m[time][0m Dequantization time: 0.000066 s
[34m[time][0m Dequantization throughput: 127.403186 GB/s
[34m[time][0m Recomposition time: 0.000927 s
[34m[time][0m Recomposition throughput: 9.047111 GB/s
[34m[time][0m Low-level decompression time: 0.064918 s
[34m[time][0m Low-level decompression throughput: 0.129219 GB/s
[34m[time][0m Decompress single subdomain time: 0.077336 s
[34m[time][0m Aggregated low-level decompression time: 0.080489 s
[34m[time][0m Aggregated low-level decompression throughput: 0.104220 GB/s
[34m[time][0m High-level decompression time: 0.080541 s
[34m[time][0m High-level decompression throughput: 0.104153 GB/s
[32m[info][0m Absoluate L_inf error: 3.005648e-02 ([32mSatisified[0m)
[32m[info][0m MSE: 6.030397e-05
[32m[info][0m PSNR: 61.2814
