[32m[info][0m mode: compression
[32m[info][0m original data: random
[32m[info][0m compressed data: /gpfs/alpine/proj-shared/csc143/jieyang/data/512x512x512/velocity_x.dat.mgard
[32m[info][0m data type: Single precision
[32m[info][0m error bound mode: Absolute
[32m[info][0m error bound: 1.000000e+00
[32m[info][0m s: inf
[32m[info][0m lossless: Huffman
[32m[info][0m device type: CUDA
[32m[info][0m Verbose: enabled
[32m[info][0m Using 1 devices.
[32m[info][0m Estimated memory usage: 0.640846GB, Available: 11.928273GB
[32m[info][0m DomainDecomposer: no decomposition used
[32m[info][0m Output preallocated: 1
[32m[info][0m Input previously pinned: 1
[32m[info][0m Output previously pinned: 1
[34m[time][0m Prepare input and output buffer time: 0.001256 s
[32m[info][0m Compressing subdomain 0 with shape: 256 256 256 
[32m[info][0m Select device: Tesla K80
[34m[time][0m Decomposition time: 0.036481 s
[34m[time][0m Decomposition throughput: 1.839573 GB/s
[34m[time][0m Quantization time: 0.004316 s
[34m[time][0m Quantization throughput: 15.549743 GB/s
[32m[info][0m Outlier ratio: 0/16777216 (0.000000%)
[31m[ERR][0m  operation not supported while executing generate codeword length with CUDA (Async-check)
