[32m[info][0m mode: compression
[32m[info][0m original data: random
[32m[info][0m compressed data: /gpfs/alpine/proj-shared/csc143/jieyang/data/512x512x512/velocity_x.dat.mgard
[32m[info][0m data type: Single precision
[32m[info][0m error bound mode: Absolute
[32m[info][0m error bound: 1.000000e+00
[32m[info][0m s: inf
[32m[info][0m lossless: Huffman
[32m[info][0m device type: HIP
[32m[info][0m Verbose: enabled
[32m[info][0m Using 1 devices.
[32m[info][0m Estimated memory usage: 0.589901GB, Available: 16.000000GB
[32m[info][0m DomainDecomposer: no decomposition used
[32m[info][0m Output preallocated: 1
[32m[info][0m Input previously pinned: 1
[32m[info][0m Output previously pinned: 1
[34m[time][0m Prepare input and output buffer time: 0.001405 s
[32m[info][0m Compressing subdomain 0 with shape: 256 256 256 
[32m[info][0m Select device: AMD GPU
[34m[time][0m Decomposition time: 0.011270 s
[34m[time][0m Decomposition throughput: 5.954866 GB/s
[34m[time][0m Quantization time: 0.003174 s
[34m[time][0m Quantization throughput: 21.141984 GB/s
[32m[info][0m Outlier ratio: 0/16777216 (0.000000%)
[32m[info][0m Huffman block size: 20480
[32m[info][0m Huffman dictionary size: 8192
[32m[info][0m Huffman compress ratio: 67108864/14313648 (4.688453)
[34m[time][0m Huffman compress time: 0.104035 s
[34m[time][0m Low-level compression time: 0.119900 s
[34m[time][0m Low-level compression throughput: 0.559705 GB/s
[34m[time][0m Compress single subdomain time: 0.137531 s
[34m[time][0m Aggregated low-level compression time: 0.142396 s
[34m[time][0m Aggregated low-level compression throughput: 0.471283 GB/s
[34m[time][0m Serialization time: 0.000538 s
[34m[time][0m High-level compression time: 0.146038 s
[34m[time][0m High-level compression throughput: 0.459529 GB/s
[32m[info][0m Compression ratio: 4.68842
[32m[info][0m Using 1 devices.
[32m[info][0m Output preallocated: 1
[32m[info][0m Input previously pinned: 1
[32m[info][0m Output previously pinned: 1
[34m[time][0m Prepare input and output buffer time: 0.000616 s
[32m[info][0m DomainDecomposer: no decomposition used
[34m[time][0m Deserialization time: 0.000004 s
[32m[info][0m Decompressing subdomain 0 with shape: 256 256 256 
[32m[info][0m Select device: AMD GPU
[34m[time][0m Huffman decompress time: 0.055754 s
[34m[time][0m Dequantization time: 0.000187 s
[34m[time][0m Dequantization throughput: 358.671455 GB/s
[34m[time][0m Recomposition time: 0.004934 s
[34m[time][0m Recomposition throughput: 13.601255 GB/s
[34m[time][0m Low-level decompression time: 0.062137 s
[34m[time][0m Low-level decompression throughput: 1.080008 GB/s
[34m[time][0m Decompress single subdomain time: 0.078220 s
[34m[time][0m Aggregated low-level decompression time: 0.082590 s
[34m[time][0m Aggregated low-level decompression throughput: 0.812550 GB/s
[34m[time][0m High-level decompression time: 0.084296 s
[34m[time][0m High-level decompression throughput: 0.796106 GB/s
[32m[info][0m Absoluate L_inf error: 3.221893e-02 ([32mSatisified[0m)
[32m[info][0m MSE: 6.080549e-05
[32m[info][0m PSNR: 61.2454
[32m[info][0m Using 1 devices.
[32m[info][0m Estimated memory usage: 0.589901GB, Available: 16.000000GB
[32m[info][0m DomainDecomposer: no decomposition used
[32m[info][0m Output preallocated: 1
[32m[info][0m Input previously pinned: 1
[32m[info][0m Output previously pinned: 1
[34m[time][0m Prepare input and output buffer time: 0.001273 s
[32m[info][0m Compressing subdomain 0 with shape: 256 256 256 
[32m[info][0m Select device: AMD GPU
[34m[time][0m Decomposition time: 0.003026 s
[34m[time][0m Decomposition throughput: 22.180444 GB/s
[34m[time][0m Quantization time: 0.000167 s
[34m[time][0m Quantization throughput: 401.330399 GB/s
[32m[info][0m Outlier ratio: 0/16777216 (0.000000%)
[32m[info][0m Huffman block size: 20480
[32m[info][0m Huffman dictionary size: 8192
[32m[info][0m Huffman compress ratio: 67108864/14313648 (4.688453)
[34m[time][0m Huffman compress time: 0.027576 s
[34m[time][0m Low-level compression time: 0.032252 s
[34m[time][0m Low-level compression throughput: 2.080771 GB/s
[34m[time][0m Compress single subdomain time: 0.047983 s
[34m[time][0m Aggregated low-level compression time: 0.052343 s
[34m[time][0m Aggregated low-level compression throughput: 1.282095 GB/s
[34m[time][0m Serialization time: 0.000520 s
[34m[time][0m High-level compression time: 0.055661 s
[34m[time][0m High-level compression throughput: 1.205668 GB/s
[32m[info][0m Compression ratio: 4.68842
[32m[info][0m Using 1 devices.
[32m[info][0m Output preallocated: 1
[32m[info][0m Input previously pinned: 1
[32m[info][0m Output previously pinned: 1
[34m[time][0m Prepare input and output buffer time: 0.000654 s
[32m[info][0m DomainDecomposer: no decomposition used
[34m[time][0m Deserialization time: 0.000004 s
[32m[info][0m Decompressing subdomain 0 with shape: 256 256 256 
[32m[info][0m Select device: AMD GPU
[34m[time][0m Huffman decompress time: 0.054755 s
[34m[time][0m Dequantization time: 0.000187 s
[34m[time][0m Dequantization throughput: 358.286559 GB/s
[34m[time][0m Recomposition time: 0.003103 s
[34m[time][0m Recomposition throughput: 21.625669 GB/s
[34m[time][0m Low-level decompression time: 0.059616 s
[34m[time][0m Low-level decompression throughput: 1.125695 GB/s
[34m[time][0m Decompress single subdomain time: 0.075031 s
[34m[time][0m Aggregated low-level decompression time: 0.079367 s
[34m[time][0m Aggregated low-level decompression throughput: 0.845549 GB/s
[34m[time][0m High-level decompression time: 0.081038 s
[34m[time][0m High-level decompression throughput: 0.828118 GB/s
[32m[info][0m Absoluate L_inf error: 3.221893e-02 ([32mSatisified[0m)
[32m[info][0m MSE: 6.080549e-05
[32m[info][0m PSNR: 61.2454
[32m[info][0m Using 1 devices.
[32m[info][0m Estimated memory usage: 0.589901GB, Available: 16.000000GB
[32m[info][0m DomainDecomposer: no decomposition used
[32m[info][0m Output preallocated: 1
[32m[info][0m Input previously pinned: 1
[32m[info][0m Output previously pinned: 1
[34m[time][0m Prepare input and output buffer time: 0.001312 s
[32m[info][0m Compressing subdomain 0 with shape: 256 256 256 
[32m[info][0m Select device: AMD GPU
[34m[time][0m Decomposition time: 0.003030 s
[34m[time][0m Decomposition throughput: 22.150954 GB/s
[34m[time][0m Quantization time: 0.000165 s
[34m[time][0m Quantization throughput: 407.802919 GB/s
[32m[info][0m Outlier ratio: 0/16777216 (0.000000%)
[32m[info][0m Huffman block size: 20480
[32m[info][0m Huffman dictionary size: 8192
[32m[info][0m Huffman compress ratio: 67108864/14313648 (4.688453)
[34m[time][0m Huffman compress time: 0.027608 s
[34m[time][0m Low-level compression time: 0.032320 s
[34m[time][0m Low-level compression throughput: 2.076379 GB/s
[34m[time][0m Compress single subdomain time: 0.048073 s
[34m[time][0m Aggregated low-level compression time: 0.052387 s
[34m[time][0m Aggregated low-level compression throughput: 1.281026 GB/s
[34m[time][0m Serialization time: 0.000530 s
[34m[time][0m High-level compression time: 0.055780 s
[34m[time][0m High-level compression throughput: 1.203110 GB/s
[32m[info][0m Compression ratio: 4.68842
[32m[info][0m Using 1 devices.
[32m[info][0m Output preallocated: 1
[32m[info][0m Input previously pinned: 1
[32m[info][0m Output previously pinned: 1
[34m[time][0m Prepare input and output buffer time: 0.000592 s
[32m[info][0m DomainDecomposer: no decomposition used
[34m[time][0m Deserialization time: 0.000003 s
[32m[info][0m Decompressing subdomain 0 with shape: 256 256 256 
[32m[info][0m Select device: AMD GPU
[34m[time][0m Huffman decompress time: 0.055674 s
[34m[time][0m Dequantization time: 0.000183 s
[34m[time][0m Dequantization throughput: 366.901562 GB/s
[34m[time][0m Recomposition time: 0.003064 s
[34m[time][0m Recomposition throughput: 21.901299 GB/s
[34m[time][0m Low-level decompression time: 0.060138 s
[34m[time][0m Low-level decompression throughput: 1.115916 GB/s
[34m[time][0m Decompress single subdomain time: 0.075656 s
[34m[time][0m Aggregated low-level decompression time: 0.080052 s
[34m[time][0m Aggregated low-level decompression throughput: 0.838311 GB/s
[34m[time][0m High-level decompression time: 0.081783 s
[34m[time][0m High-level decompression throughput: 0.820577 GB/s
[32m[info][0m Absoluate L_inf error: 3.221893e-02 ([32mSatisified[0m)
[32m[info][0m MSE: 6.080549e-05
[32m[info][0m PSNR: 61.2454
[32m[info][0m Using 1 devices.
[32m[info][0m Estimated memory usage: 0.589901GB, Available: 16.000000GB
[32m[info][0m DomainDecomposer: no decomposition used
[32m[info][0m Output preallocated: 1
[32m[info][0m Input previously pinned: 1
[32m[info][0m Output previously pinned: 1
[34m[time][0m Prepare input and output buffer time: 0.001132 s
[32m[info][0m Compressing subdomain 0 with shape: 256 256 256 
[32m[info][0m Select device: AMD GPU
[34m[time][0m Decomposition time: 0.002990 s
[34m[time][0m Decomposition throughput: 22.444511 GB/s
[34m[time][0m Quantization time: 0.000166 s
[34m[time][0m Quantization throughput: 404.090128 GB/s
[32m[info][0m Outlier ratio: 0/16777216 (0.000000%)
[32m[info][0m Huffman block size: 20480
[32m[info][0m Huffman dictionary size: 8192
[32m[info][0m Huffman compress ratio: 67108864/14313648 (4.688453)
[34m[time][0m Huffman compress time: 0.027520 s
[34m[time][0m Low-level compression time: 0.032144 s
[34m[time][0m Low-level compression throughput: 2.087730 GB/s
[34m[time][0m Compress single subdomain time: 0.047679 s
[34m[time][0m Aggregated low-level compression time: 0.053538 s
[34m[time][0m Aggregated low-level compression throughput: 1.253489 GB/s
[34m[time][0m Serialization time: 0.000534 s
[34m[time][0m High-level compression time: 0.056702 s
[34m[time][0m High-level compression throughput: 1.183531 GB/s
[32m[info][0m Compression ratio: 4.68842
[32m[info][0m Using 1 devices.
[32m[info][0m Output preallocated: 1
[32m[info][0m Input previously pinned: 1
[32m[info][0m Output previously pinned: 1
[34m[time][0m Prepare input and output buffer time: 0.000505 s
[32m[info][0m DomainDecomposer: no decomposition used
[34m[time][0m Deserialization time: 0.000003 s
[32m[info][0m Decompressing subdomain 0 with shape: 256 256 256 
[32m[info][0m Select device: AMD GPU
[34m[time][0m Huffman decompress time: 0.055191 s
[34m[time][0m Dequantization time: 0.000183 s
[34m[time][0m Dequantization throughput: 367.385633 GB/s
[34m[time][0m Recomposition time: 0.003097 s
[34m[time][0m Recomposition throughput: 21.668340 GB/s
[34m[time][0m Low-level decompression time: 0.060032 s
[34m[time][0m Low-level decompression throughput: 1.117891 GB/s
[34m[time][0m Decompress single subdomain time: 0.077023 s
[34m[time][0m Aggregated low-level decompression time: 0.081412 s
[34m[time][0m Aggregated low-level decompression throughput: 0.824310 GB/s
[34m[time][0m High-level decompression time: 0.083036 s
[34m[time][0m High-level decompression throughput: 0.808189 GB/s
[32m[info][0m Absoluate L_inf error: 3.221893e-02 ([32mSatisified[0m)
[32m[info][0m MSE: 6.080549e-05
[32m[info][0m PSNR: 61.2454
[32m[info][0m Using 1 devices.
[32m[info][0m Estimated memory usage: 0.589901GB, Available: 16.000000GB
[32m[info][0m DomainDecomposer: no decomposition used
[32m[info][0m Output preallocated: 1
[32m[info][0m Input previously pinned: 1
[32m[info][0m Output previously pinned: 1
[34m[time][0m Prepare input and output buffer time: 0.001177 s
[32m[info][0m Compressing subdomain 0 with shape: 256 256 256 
[32m[info][0m Select device: AMD GPU
[34m[time][0m Decomposition time: 0.003095 s
[34m[time][0m Decomposition throughput: 21.683981 GB/s
[34m[time][0m Quantization time: 0.000165 s
[34m[time][0m Quantization throughput: 407.110227 GB/s
[32m[info][0m Outlier ratio: 0/16777216 (0.000000%)
[32m[info][0m Huffman block size: 20480
[32m[info][0m Huffman dictionary size: 8192
[32m[info][0m Huffman compress ratio: 67108864/14313648 (4.688453)
[34m[time][0m Huffman compress time: 0.026937 s
[34m[time][0m Low-level compression time: 0.031619 s
[34m[time][0m Low-level compression throughput: 2.122438 GB/s
[34m[time][0m Compress single subdomain time: 0.047827 s
[34m[time][0m Aggregated low-level compression time: 0.052288 s
[34m[time][0m Aggregated low-level compression throughput: 1.283439 GB/s
[34m[time][0m Serialization time: 0.000537 s
[34m[time][0m High-level compression time: 0.055530 s
[34m[time][0m High-level compression throughput: 1.208516 GB/s
[32m[info][0m Compression ratio: 4.68842
[32m[info][0m Using 1 devices.
[32m[info][0m Output preallocated: 1
[32m[info][0m Input previously pinned: 1
[32m[info][0m Output previously pinned: 1
[34m[time][0m Prepare input and output buffer time: 0.000607 s
[32m[info][0m DomainDecomposer: no decomposition used
[34m[time][0m Deserialization time: 0.000003 s
[32m[info][0m Decompressing subdomain 0 with shape: 256 256 256 
[32m[info][0m Select device: AMD GPU
[34m[time][0m Huffman decompress time: 0.056092 s
[34m[time][0m Dequantization time: 0.000182 s
[34m[time][0m Dequantization throughput: 367.931489 GB/s
[34m[time][0m Recomposition time: 0.003072 s
[34m[time][0m Recomposition throughput: 21.845440 GB/s
[34m[time][0m Low-level decompression time: 0.060697 s
[34m[time][0m Low-level decompression throughput: 1.105631 GB/s
[34m[time][0m Decompress single subdomain time: 0.076312 s
[34m[time][0m Aggregated low-level decompression time: 0.080656 s
[34m[time][0m Aggregated low-level decompression throughput: 0.832040 GB/s
[34m[time][0m High-level decompression time: 0.082365 s
[34m[time][0m High-level decompression throughput: 0.814778 GB/s
[32m[info][0m Absoluate L_inf error: 3.221893e-02 ([32mSatisified[0m)
[32m[info][0m MSE: 6.080549e-05
[32m[info][0m PSNR: 61.2454
[32m[info][0m Using 1 devices.
[32m[info][0m Estimated memory usage: 0.589901GB, Available: 16.000000GB
[32m[info][0m DomainDecomposer: no decomposition used
[32m[info][0m Output preallocated: 1
[32m[info][0m Input previously pinned: 1
[32m[info][0m Output previously pinned: 1
[34m[time][0m Prepare input and output buffer time: 0.001207 s
[32m[info][0m Compressing subdomain 0 with shape: 256 256 256 
[32m[info][0m Select device: AMD GPU
[34m[time][0m Decomposition time: 0.002987 s
[34m[time][0m Decomposition throughput: 22.464301 GB/s
[34m[time][0m Quantization time: 0.000164 s
[34m[time][0m Quantization throughput: 408.127810 GB/s
[32m[info][0m Outlier ratio: 0/16777216 (0.000000%)
[32m[info][0m Huffman block size: 20480
[32m[info][0m Huffman dictionary size: 8192
[32m[info][0m Huffman compress ratio: 67108864/14313648 (4.688453)
[34m[time][0m Huffman compress time: 0.027504 s
[34m[time][0m Low-level compression time: 0.032158 s
[34m[time][0m Low-level compression throughput: 2.086859 GB/s
[34m[time][0m Compress single subdomain time: 0.047828 s
[34m[time][0m Aggregated low-level compression time: 0.052341 s
[34m[time][0m Aggregated low-level compression throughput: 1.282145 GB/s
[34m[time][0m Serialization time: 0.000527 s
[34m[time][0m High-level compression time: 0.055845 s
[34m[time][0m High-level compression throughput: 1.201699 GB/s
[32m[info][0m Compression ratio: 4.68842
[32m[info][0m Using 1 devices.
[32m[info][0m Output preallocated: 1
[32m[info][0m Input previously pinned: 1
[32m[info][0m Output previously pinned: 1
[34m[time][0m Prepare input and output buffer time: 0.000593 s
[32m[info][0m DomainDecomposer: no decomposition used
[34m[time][0m Deserialization time: 0.000003 s
[32m[info][0m Decompressing subdomain 0 with shape: 256 256 256 
[32m[info][0m Select device: AMD GPU
[34m[time][0m Huffman decompress time: 0.055440 s
[34m[time][0m Dequantization time: 0.000184 s
[34m[time][0m Dequantization throughput: 364.448750 GB/s
[34m[time][0m Recomposition time: 0.003092 s
[34m[time][0m Recomposition throughput: 21.707457 GB/s
[34m[time][0m Low-level decompression time: 0.060086 s
[34m[time][0m Low-level decompression throughput: 1.116886 GB/s
[34m[time][0m Decompress single subdomain time: 0.075887 s
[34m[time][0m Aggregated low-level decompression time: 0.080231 s
[34m[time][0m Aggregated low-level decompression throughput: 0.836446 GB/s
[34m[time][0m High-level decompression time: 0.081852 s
[34m[time][0m High-level decompression throughput: 0.819881 GB/s
[32m[info][0m Absoluate L_inf error: 3.221893e-02 ([32mSatisified[0m)
[32m[info][0m MSE: 6.080549e-05
[32m[info][0m PSNR: 61.2454
[32m[info][0m Using 1 devices.
[32m[info][0m Estimated memory usage: 0.589901GB, Available: 16.000000GB
[32m[info][0m DomainDecomposer: no decomposition used
[32m[info][0m Output preallocated: 1
[32m[info][0m Input previously pinned: 1
[32m[info][0m Output previously pinned: 1
[34m[time][0m Prepare input and output buffer time: 0.001136 s
[32m[info][0m Compressing subdomain 0 with shape: 256 256 256 
[32m[info][0m Select device: AMD GPU
[34m[time][0m Decomposition time: 0.003022 s
[34m[time][0m Decomposition throughput: 22.208021 GB/s
[34m[time][0m Quantization time: 0.000165 s
[34m[time][0m Quantization throughput: 406.368202 GB/s
[32m[info][0m Outlier ratio: 0/16777216 (0.000000%)
[32m[info][0m Huffman block size: 20480
[32m[info][0m Huffman dictionary size: 8192
[32m[info][0m Huffman compress ratio: 67108864/14313648 (4.688453)
[34m[time][0m Huffman compress time: 0.027818 s
[34m[time][0m Low-level compression time: 0.032401 s
[34m[time][0m Low-level compression throughput: 2.071190 GB/s
[34m[time][0m Compress single subdomain time: 0.048391 s
[34m[time][0m Aggregated low-level compression time: 0.052822 s
[34m[time][0m Aggregated low-level compression throughput: 1.270463 GB/s
[34m[time][0m Serialization time: 0.000519 s
[34m[time][0m High-level compression time: 0.056079 s
[34m[time][0m High-level compression throughput: 1.196678 GB/s
[32m[info][0m Compression ratio: 4.68842
[32m[info][0m Using 1 devices.
[32m[info][0m Output preallocated: 1
[32m[info][0m Input previously pinned: 1
[32m[info][0m Output previously pinned: 1
[34m[time][0m Prepare input and output buffer time: 0.000624 s
[32m[info][0m DomainDecomposer: no decomposition used
[34m[time][0m Deserialization time: 0.000003 s
[32m[info][0m Decompressing subdomain 0 with shape: 256 256 256 
[32m[info][0m Select device: AMD GPU
[34m[time][0m Huffman decompress time: 0.055190 s
[34m[time][0m Dequantization time: 0.000181 s
[34m[time][0m Dequantization throughput: 370.351837 GB/s
[34m[time][0m Recomposition time: 0.003175 s
[34m[time][0m Recomposition throughput: 21.134973 GB/s
[34m[time][0m Low-level decompression time: 0.060052 s
[34m[time][0m Low-level decompression throughput: 1.117512 GB/s
[34m[time][0m Decompress single subdomain time: 0.075826 s
[34m[time][0m Aggregated low-level decompression time: 0.080163 s
[34m[time][0m Aggregated low-level decompression throughput: 0.837152 GB/s
[34m[time][0m High-level decompression time: 0.081841 s
[34m[time][0m High-level decompression throughput: 0.819992 GB/s
[32m[info][0m Absoluate L_inf error: 3.221893e-02 ([32mSatisified[0m)
[32m[info][0m MSE: 6.080549e-05
[32m[info][0m PSNR: 61.2454
[32m[info][0m Using 1 devices.
[32m[info][0m Estimated memory usage: 0.589901GB, Available: 16.000000GB
[32m[info][0m DomainDecomposer: no decomposition used
[32m[info][0m Output preallocated: 1
[32m[info][0m Input previously pinned: 1
[32m[info][0m Output previously pinned: 1
[34m[time][0m Prepare input and output buffer time: 0.001185 s
[32m[info][0m Compressing subdomain 0 with shape: 256 256 256 
[32m[info][0m Select device: AMD GPU
[34m[time][0m Decomposition time: 0.003026 s
[34m[time][0m Decomposition throughput: 22.177058 GB/s
[34m[time][0m Quantization time: 0.000166 s
[34m[time][0m Quantization throughput: 405.312847 GB/s
[32m[info][0m Outlier ratio: 0/16777216 (0.000000%)
[32m[info][0m Huffman block size: 20480
[32m[info][0m Huffman dictionary size: 8192
[32m[info][0m Huffman compress ratio: 67108864/14313648 (4.688453)
[34m[time][0m Huffman compress time: 0.027823 s
[34m[time][0m Low-level compression time: 0.032628 s
[34m[time][0m Low-level compression throughput: 2.056789 GB/s
[34m[time][0m Compress single subdomain time: 0.048825 s
[34m[time][0m Aggregated low-level compression time: 0.053158 s
[34m[time][0m Aggregated low-level compression throughput: 1.262433 GB/s
[34m[time][0m Serialization time: 0.000525 s
[34m[time][0m High-level compression time: 0.056311 s
[34m[time][0m High-level compression throughput: 1.191748 GB/s
[32m[info][0m Compression ratio: 4.68842
[32m[info][0m Using 1 devices.
[32m[info][0m Output preallocated: 1
[32m[info][0m Input previously pinned: 1
[32m[info][0m Output previously pinned: 1
[34m[time][0m Prepare input and output buffer time: 0.000705 s
[32m[info][0m DomainDecomposer: no decomposition used
[34m[time][0m Deserialization time: 0.000003 s
[32m[info][0m Decompressing subdomain 0 with shape: 256 256 256 
[32m[info][0m Select device: AMD GPU
[34m[time][0m Huffman decompress time: 0.055908 s
[34m[time][0m Dequantization time: 0.000182 s
[34m[time][0m Dequantization throughput: 368.193915 GB/s
[34m[time][0m Recomposition time: 0.003067 s
[34m[time][0m Recomposition throughput: 21.878971 GB/s
[34m[time][0m Low-level decompression time: 0.060474 s
[34m[time][0m Low-level decompression throughput: 1.109718 GB/s
[34m[time][0m Decompress single subdomain time: 0.076160 s
[34m[time][0m Aggregated low-level decompression time: 0.080512 s
[34m[time][0m Aggregated low-level decompression throughput: 0.833528 GB/s
[34m[time][0m High-level decompression time: 0.082250 s
[34m[time][0m High-level decompression throughput: 0.815908 GB/s
[32m[info][0m Absoluate L_inf error: 3.221893e-02 ([32mSatisified[0m)
[32m[info][0m MSE: 6.080549e-05
[32m[info][0m PSNR: 61.2454
[32m[info][0m Using 1 devices.
[32m[info][0m Estimated memory usage: 0.589901GB, Available: 16.000000GB
[32m[info][0m DomainDecomposer: no decomposition used
[32m[info][0m Output preallocated: 1
[32m[info][0m Input previously pinned: 1
[32m[info][0m Output previously pinned: 1
[34m[time][0m Prepare input and output buffer time: 0.001451 s
[32m[info][0m Compressing subdomain 0 with shape: 256 256 256 
[32m[info][0m Select device: AMD GPU
[34m[time][0m Decomposition time: 0.002991 s
[34m[time][0m Decomposition throughput: 22.438868 GB/s
[34m[time][0m Quantization time: 0.000164 s
[34m[time][0m Quantization throughput: 408.125328 GB/s
[32m[info][0m Outlier ratio: 0/16777216 (0.000000%)
[32m[info][0m Huffman block size: 20480
[32m[info][0m Huffman dictionary size: 8192
[32m[info][0m Huffman compress ratio: 67108864/14313648 (4.688453)
[34m[time][0m Huffman compress time: 0.027567 s
[34m[time][0m Low-level compression time: 0.032488 s
[34m[time][0m Low-level compression throughput: 2.065621 GB/s
[34m[time][0m Compress single subdomain time: 0.048374 s
[34m[time][0m Aggregated low-level compression time: 0.052783 s
[34m[time][0m Aggregated low-level compression throughput: 1.271415 GB/s
[34m[time][0m Serialization time: 0.000497 s
[34m[time][0m High-level compression time: 0.056312 s
[34m[time][0m High-level compression throughput: 1.191740 GB/s
[32m[info][0m Compression ratio: 4.68842
[32m[info][0m Using 1 devices.
[32m[info][0m Output preallocated: 1
[32m[info][0m Input previously pinned: 1
[32m[info][0m Output previously pinned: 1
[34m[time][0m Prepare input and output buffer time: 0.001141 s
[32m[info][0m DomainDecomposer: no decomposition used
[34m[time][0m Deserialization time: 0.000003 s
[32m[info][0m Decompressing subdomain 0 with shape: 256 256 256 
[32m[info][0m Select device: AMD GPU
[34m[time][0m Huffman decompress time: 0.055991 s
[34m[time][0m Dequantization time: 0.000182 s
[34m[time][0m Dequantization throughput: 367.992016 GB/s
[34m[time][0m Recomposition time: 0.003059 s
[34m[time][0m Recomposition throughput: 21.939526 GB/s
[34m[time][0m Low-level decompression time: 0.060796 s
[34m[time][0m Low-level decompression throughput: 1.103834 GB/s
[34m[time][0m Decompress single subdomain time: 0.076346 s
[34m[time][0m Aggregated low-level decompression time: 0.080708 s
[34m[time][0m Aggregated low-level decompression throughput: 0.831501 GB/s
[34m[time][0m High-level decompression time: 0.083129 s
[34m[time][0m High-level decompression throughput: 0.807283 GB/s
[32m[info][0m Absoluate L_inf error: 3.221893e-02 ([32mSatisified[0m)
[32m[info][0m MSE: 6.080549e-05
[32m[info][0m PSNR: 61.2454
[32m[info][0m Using 1 devices.
[32m[info][0m Estimated memory usage: 0.589901GB, Available: 16.000000GB
[32m[info][0m DomainDecomposer: no decomposition used
[32m[info][0m Output preallocated: 1
[32m[info][0m Input previously pinned: 1
[32m[info][0m Output previously pinned: 1
[34m[time][0m Prepare input and output buffer time: 0.001482 s
[32m[info][0m Compressing subdomain 0 with shape: 256 256 256 
[32m[info][0m Select device: AMD GPU
[34m[time][0m Decomposition time: 0.003021 s
[34m[time][0m Decomposition throughput: 22.214277 GB/s
[34m[time][0m Quantization time: 0.000165 s
[34m[time][0m Quantization throughput: 407.456279 GB/s
[32m[info][0m Outlier ratio: 0/16777216 (0.000000%)
[32m[info][0m Huffman block size: 20480
[32m[info][0m Huffman dictionary size: 8192
[32m[info][0m Huffman compress ratio: 67108864/14313648 (4.688453)
[34m[time][0m Huffman compress time: 0.027463 s
[34m[time][0m Low-level compression time: 0.032134 s
[34m[time][0m Low-level compression throughput: 2.088412 GB/s
[34m[time][0m Compress single subdomain time: 0.048026 s
[34m[time][0m Aggregated low-level compression time: 0.052464 s
[34m[time][0m Aggregated low-level compression throughput: 1.279148 GB/s
[34m[time][0m Serialization time: 0.000498 s
[34m[time][0m High-level compression time: 0.056049 s
[34m[time][0m High-level compression throughput: 1.197322 GB/s
[32m[info][0m Compression ratio: 4.68842
[32m[info][0m Using 1 devices.
[32m[info][0m Output preallocated: 1
[32m[info][0m Input previously pinned: 1
[32m[info][0m Output previously pinned: 1
[34m[time][0m Prepare input and output buffer time: 0.000711 s
[32m[info][0m DomainDecomposer: no decomposition used
[34m[time][0m Deserialization time: 0.000003 s
[32m[info][0m Decompressing subdomain 0 with shape: 256 256 256 
[32m[info][0m Select device: AMD GPU
[34m[time][0m Huffman decompress time: 0.055204 s
[34m[time][0m Dequantization time: 0.000186 s
[34m[time][0m Dequantization throughput: 360.292835 GB/s
[34m[time][0m Recomposition time: 0.003024 s
[34m[time][0m Recomposition throughput: 22.194470 GB/s
[34m[time][0m Low-level decompression time: 0.060179 s
[34m[time][0m Low-level decompression throughput: 1.115151 GB/s
[34m[time][0m Decompress single subdomain time: 0.076241 s
[34m[time][0m Aggregated low-level decompression time: 0.080628 s
[34m[time][0m Aggregated low-level decompression throughput: 0.832329 GB/s
[34m[time][0m High-level decompression time: 0.082660 s
[34m[time][0m High-level decompression throughput: 0.811865 GB/s
[32m[info][0m Absoluate L_inf error: 3.221893e-02 ([32mSatisified[0m)
[32m[info][0m MSE: 6.080549e-05
[32m[info][0m PSNR: 61.2454
