[32m[info][0m mode: compression
[32m[info][0m original data: random
[32m[info][0m compressed data: random.mgard
[32m[info][0m data type: Single precision
[32m[info][0m error bound mode: Absolute
[32m[info][0m error bound: 1.000000e+00
[32m[info][0m s: inf
[32m[info][0m lossless: Huffman
[32m[info][0m device type: SYCL
[32m[info][0m Verbose: enabled
[32m[info][0m Using 1 devices.
[32m[info][0m Estimated memory usage: 0.539913GB, Available: 16.000000GB
[32m[info][0m DomainDecomposer: no decomposition used
[32m[info][0m Output preallocated: 1
[32m[info][0m Input previously pinned: 0
[32m[info][0m Output previously pinned: 0
[34m[time][0m Prepare input and output buffer time: 0.008700 s
[32m[info][0m Compressing subdomain 0 with shape: 256 256 256 
[32m[info][0m Select device: Intel(R) UHD Graphics P630 [0x3e96]
[34m[time][0m Decomposition time: 0.214765 s
[34m[time][0m Decomposition throughput: 0.312476 GB/s
[34m[time][0m Quantization time: 0.282010 s
[34m[time][0m Quantization throughput: 0.237966 GB/s
[32m[info][0m Outlier ratio: 2146451/16777216 (12.793845%)
[32m[info][0m Huffman block size: 20480
[32m[info][0m Huffman dictionary size: 8192
[32m[info][0m Huffman compress ratio: 67108864/38026500 (1.764792)
[34m[time][0m Huffman compress time: 0.138818 s
[34m[time][0m Low-level compression time: 0.635933 s
[34m[time][0m Low-level compression throughput: 0.105528 GB/s
[34m[time][0m Compress single subdomain time: 0.821952 s
[34m[time][0m Aggregated low-level compression time: 0.824316 s
[34m[time][0m Aggregated low-level compression throughput: 0.081412 GB/s
[34m[time][0m Serialization time: 0.006336 s
[34m[time][0m High-level compression time: 0.839577 s
[34m[time][0m High-level compression throughput: 0.079932 GB/s
[32m[info][0m Compression ratio: 1.76479
[32m[info][0m Using 1 devices.
[32m[info][0m Output preallocated: 1
[32m[info][0m Input previously pinned: 0
[32m[info][0m Output previously pinned: 0
[34m[time][0m Prepare input and output buffer time: 0.000011 s
[32m[info][0m DomainDecomposer: no decomposition used
[34m[time][0m Deserialization time: 0.000108 s
[32m[info][0m Decompressing subdomain 0 with shape: 256 256 256 
[32m[info][0m Select device: Intel(R) UHD Graphics P630 [0x3e96]
[34m[time][0m Huffman decompress time: 0.270180 s
[34m[time][0m Dequantization time: 0.072530 s
[34m[time][0m Dequantization throughput: 0.925258 GB/s
[34m[time][0m Recomposition time: 0.182452 s
[34m[time][0m Recomposition throughput: 0.367816 GB/s
[34m[time][0m Low-level decompression time: 0.525657 s
[34m[time][0m Low-level decompression throughput: 0.127667 GB/s
[34m[time][0m Decompress single subdomain time: 0.714379 s
[34m[time][0m Aggregated low-level decompression time: 0.716703 s
[34m[time][0m Aggregated low-level decompression throughput: 0.093636 GB/s
[34m[time][0m High-level decompression time: 0.718559 s
[34m[time][0m High-level decompression throughput: 0.093394 GB/s
[32m[info][0m Absoluate L_inf error: 0.000000e+00 ([32mSatisified[0m)
[32m[info][0m MSE: -nan
[32m[info][0m PSNR: -nan
[32m[info][0m Using 1 devices.
[32m[info][0m Estimated memory usage: 0.539913GB, Available: 16.000000GB
[32m[info][0m DomainDecomposer: no decomposition used
[32m[info][0m Output preallocated: 1
[32m[info][0m Input previously pinned: 0
[32m[info][0m Output previously pinned: 0
[34m[time][0m Prepare input and output buffer time: 0.006720 s
[32m[info][0m Compressing subdomain 0 with shape: 256 256 256 
[32m[info][0m Select device: Intel(R) UHD Graphics P630 [0x3e96]
[34m[time][0m Decomposition time: 0.210320 s
[34m[time][0m Decomposition throughput: 0.319080 GB/s
[34m[time][0m Quantization time: 0.283567 s
[34m[time][0m Quantization throughput: 0.236660 GB/s
[32m[info][0m Outlier ratio: 2146451/16777216 (12.793845%)
[32m[info][0m Huffman block size: 20480
[32m[info][0m Huffman dictionary size: 8192
[32m[info][0m Huffman compress ratio: 67108864/38026500 (1.764792)
[34m[time][0m Huffman compress time: 0.137680 s
[34m[time][0m Low-level compression time: 0.631839 s
[34m[time][0m Low-level compression throughput: 0.106212 GB/s
[34m[time][0m Compress single subdomain time: 0.819685 s
[34m[time][0m Aggregated low-level compression time: 0.822048 s
[34m[time][0m Aggregated low-level compression throughput: 0.081636 GB/s
[34m[time][0m Serialization time: 0.006354 s
[34m[time][0m High-level compression time: 0.835234 s
[34m[time][0m High-level compression throughput: 0.080347 GB/s
[32m[info][0m Compression ratio: 1.76479
[32m[info][0m Using 1 devices.
[32m[info][0m Output preallocated: 1
[32m[info][0m Input previously pinned: 0
[32m[info][0m Output previously pinned: 0
[34m[time][0m Prepare input and output buffer time: 0.000012 s
[32m[info][0m DomainDecomposer: no decomposition used
[34m[time][0m Deserialization time: 0.000108 s
[32m[info][0m Decompressing subdomain 0 with shape: 256 256 256 
[32m[info][0m Select device: Intel(R) UHD Graphics P630 [0x3e96]
[34m[time][0m Huffman decompress time: 0.269418 s
[34m[time][0m Dequantization time: 0.072711 s
[34m[time][0m Dequantization throughput: 0.922960 GB/s
[34m[time][0m Recomposition time: 0.183180 s
[34m[time][0m Recomposition throughput: 0.366355 GB/s
[34m[time][0m Low-level decompression time: 0.525848 s
[34m[time][0m Low-level decompression throughput: 0.127620 GB/s
[34m[time][0m Decompress single subdomain time: 0.733906 s
[34m[time][0m Aggregated low-level decompression time: 0.736204 s
[34m[time][0m Aggregated low-level decompression throughput: 0.091155 GB/s
[34m[time][0m High-level decompression time: 0.738326 s
[34m[time][0m High-level decompression throughput: 0.090893 GB/s
[32m[info][0m Absoluate L_inf error: 0.000000e+00 ([32mSatisified[0m)
[32m[info][0m MSE: -nan
[32m[info][0m PSNR: -nan
[32m[info][0m Using 1 devices.
[32m[info][0m Estimated memory usage: 0.539913GB, Available: 16.000000GB
[32m[info][0m DomainDecomposer: no decomposition used
[32m[info][0m Output preallocated: 1
[32m[info][0m Input previously pinned: 0
[32m[info][0m Output previously pinned: 0
[34m[time][0m Prepare input and output buffer time: 0.007666 s
[32m[info][0m Compressing subdomain 0 with shape: 256 256 256 
[32m[info][0m Select device: Intel(R) UHD Graphics P630 [0x3e96]
[34m[time][0m Decomposition time: 0.210396 s
[34m[time][0m Decomposition throughput: 0.318965 GB/s
[34m[time][0m Quantization time: 0.278090 s
[34m[time][0m Quantization throughput: 0.241321 GB/s
[32m[info][0m Outlier ratio: 2146451/16777216 (12.793845%)
[32m[info][0m Huffman block size: 20480
[32m[info][0m Huffman dictionary size: 8192
[32m[info][0m Huffman compress ratio: 67108864/38026500 (1.764792)
[34m[time][0m Huffman compress time: 0.141954 s
[34m[time][0m Low-level compression time: 0.630813 s
[34m[time][0m Low-level compression throughput: 0.106385 GB/s
[34m[time][0m Compress single subdomain time: 0.830863 s
[34m[time][0m Aggregated low-level compression time: 0.833222 s
[34m[time][0m Aggregated low-level compression throughput: 0.080541 GB/s
[34m[time][0m Serialization time: 0.007161 s
[34m[time][0m High-level compression time: 0.848160 s
[34m[time][0m High-level compression throughput: 0.079123 GB/s
[32m[info][0m Compression ratio: 1.76479
[32m[info][0m Using 1 devices.
[32m[info][0m Output preallocated: 1
[32m[info][0m Input previously pinned: 0
[32m[info][0m Output previously pinned: 0
[34m[time][0m Prepare input and output buffer time: 0.000010 s
[32m[info][0m DomainDecomposer: no decomposition used
[34m[time][0m Deserialization time: 0.000095 s
[32m[info][0m Decompressing subdomain 0 with shape: 256 256 256 
[32m[info][0m Select device: Intel(R) UHD Graphics P630 [0x3e96]
[34m[time][0m Huffman decompress time: 0.269349 s
[34m[time][0m Dequantization time: 0.072178 s
[34m[time][0m Dequantization throughput: 0.929771 GB/s
[34m[time][0m Recomposition time: 0.181932 s
[34m[time][0m Recomposition throughput: 0.368868 GB/s
[34m[time][0m Low-level decompression time: 0.523947 s
[34m[time][0m Low-level decompression throughput: 0.128083 GB/s
[34m[time][0m Decompress single subdomain time: 0.710759 s
[34m[time][0m Aggregated low-level decompression time: 0.713073 s
[34m[time][0m Aggregated low-level decompression throughput: 0.094112 GB/s
[34m[time][0m High-level decompression time: 0.714803 s
[34m[time][0m High-level decompression throughput: 0.093884 GB/s
[32m[info][0m Absoluate L_inf error: 0.000000e+00 ([32mSatisified[0m)
[32m[info][0m MSE: -nan
[32m[info][0m PSNR: -nan
[32m[info][0m Using 1 devices.
[32m[info][0m Estimated memory usage: 0.539913GB, Available: 16.000000GB
[32m[info][0m DomainDecomposer: no decomposition used
[32m[info][0m Output preallocated: 1
[32m[info][0m Input previously pinned: 0
[32m[info][0m Output previously pinned: 0
[34m[time][0m Prepare input and output buffer time: 0.006838 s
[32m[info][0m Compressing subdomain 0 with shape: 256 256 256 
[32m[info][0m Select device: Intel(R) UHD Graphics P630 [0x3e96]
[34m[time][0m Decomposition time: 0.211014 s
[34m[time][0m Decomposition throughput: 0.318030 GB/s
[34m[time][0m Quantization time: 0.281691 s
[34m[time][0m Quantization throughput: 0.238236 GB/s
[32m[info][0m Outlier ratio: 2146451/16777216 (12.793845%)
[32m[info][0m Huffman block size: 20480
[32m[info][0m Huffman dictionary size: 8192
[32m[info][0m Huffman compress ratio: 67108864/38026500 (1.764792)
[34m[time][0m Huffman compress time: 0.136528 s
[34m[time][0m Low-level compression time: 0.629491 s
[34m[time][0m Low-level compression throughput: 0.106608 GB/s
[34m[time][0m Compress single subdomain time: 0.815960 s
[34m[time][0m Aggregated low-level compression time: 0.818294 s
[34m[time][0m Aggregated low-level compression throughput: 0.082011 GB/s
[34m[time][0m Serialization time: 0.006341 s
[34m[time][0m High-level compression time: 0.831586 s
[34m[time][0m High-level compression throughput: 0.080700 GB/s
[32m[info][0m Compression ratio: 1.76479
[32m[info][0m Using 1 devices.
[32m[info][0m Output preallocated: 1
[32m[info][0m Input previously pinned: 0
[32m[info][0m Output previously pinned: 0
[34m[time][0m Prepare input and output buffer time: 0.000011 s
[32m[info][0m DomainDecomposer: no decomposition used
[34m[time][0m Deserialization time: 0.000095 s
[32m[info][0m Decompressing subdomain 0 with shape: 256 256 256 
[32m[info][0m Select device: Intel(R) UHD Graphics P630 [0x3e96]
[34m[time][0m Huffman decompress time: 0.269101 s
[34m[time][0m Dequantization time: 0.072327 s
[34m[time][0m Dequantization throughput: 0.927859 GB/s
[34m[time][0m Recomposition time: 0.181812 s
[34m[time][0m Recomposition throughput: 0.369111 GB/s
[34m[time][0m Low-level decompression time: 0.523740 s
[34m[time][0m Low-level decompression throughput: 0.128134 GB/s
[34m[time][0m Decompress single subdomain time: 0.710583 s
[34m[time][0m Aggregated low-level decompression time: 0.712911 s
[34m[time][0m Aggregated low-level decompression throughput: 0.094134 GB/s
[34m[time][0m High-level decompression time: 0.714612 s
[34m[time][0m High-level decompression throughput: 0.093909 GB/s
[32m[info][0m Absoluate L_inf error: 0.000000e+00 ([32mSatisified[0m)
[32m[info][0m MSE: -nan
[32m[info][0m PSNR: -nan
[32m[info][0m Using 1 devices.
[32m[info][0m Estimated memory usage: 0.539913GB, Available: 16.000000GB
[32m[info][0m DomainDecomposer: no decomposition used
[32m[info][0m Output preallocated: 1
[32m[info][0m Input previously pinned: 0
[32m[info][0m Output previously pinned: 0
[34m[time][0m Prepare input and output buffer time: 0.006684 s
[32m[info][0m Compressing subdomain 0 with shape: 256 256 256 
[32m[info][0m Select device: Intel(R) UHD Graphics P630 [0x3e96]
[34m[time][0m Decomposition time: 0.211105 s
[34m[time][0m Decomposition throughput: 0.317893 GB/s
[34m[time][0m Quantization time: 0.282181 s
[34m[time][0m Quantization throughput: 0.237822 GB/s
[32m[info][0m Outlier ratio: 2146451/16777216 (12.793845%)
[32m[info][0m Huffman block size: 20480
[32m[info][0m Huffman dictionary size: 8192
[32m[info][0m Huffman compress ratio: 67108864/38026500 (1.764792)
[34m[time][0m Huffman compress time: 0.138281 s
[34m[time][0m Low-level compression time: 0.631850 s
[34m[time][0m Low-level compression throughput: 0.106210 GB/s
[34m[time][0m Compress single subdomain time: 0.817679 s
[34m[time][0m Aggregated low-level compression time: 0.820087 s
[34m[time][0m Aggregated low-level compression throughput: 0.081831 GB/s
[34m[time][0m Serialization time: 0.006314 s
[34m[time][0m High-level compression time: 0.833196 s
[34m[time][0m High-level compression throughput: 0.080544 GB/s
[32m[info][0m Compression ratio: 1.76479
[32m[info][0m Using 1 devices.
[32m[info][0m Output preallocated: 1
[32m[info][0m Input previously pinned: 0
[32m[info][0m Output previously pinned: 0
[34m[time][0m Prepare input and output buffer time: 0.000012 s
[32m[info][0m DomainDecomposer: no decomposition used
[34m[time][0m Deserialization time: 0.000105 s
[32m[info][0m Decompressing subdomain 0 with shape: 256 256 256 
[32m[info][0m Select device: Intel(R) UHD Graphics P630 [0x3e96]
[34m[time][0m Huffman decompress time: 0.269219 s
[34m[time][0m Dequantization time: 0.072364 s
[34m[time][0m Dequantization throughput: 0.927379 GB/s
[34m[time][0m Recomposition time: 0.181851 s
[34m[time][0m Recomposition throughput: 0.369031 GB/s
[34m[time][0m Low-level decompression time: 0.523937 s
[34m[time][0m Low-level decompression throughput: 0.128086 GB/s
[34m[time][0m Decompress single subdomain time: 0.713140 s
[34m[time][0m Aggregated low-level decompression time: 0.715497 s
[34m[time][0m Aggregated low-level decompression throughput: 0.093793 GB/s
[34m[time][0m High-level decompression time: 0.717307 s
[34m[time][0m High-level decompression throughput: 0.093557 GB/s
[32m[info][0m Absoluate L_inf error: 0.000000e+00 ([32mSatisified[0m)
[32m[info][0m MSE: -nan
[32m[info][0m PSNR: -nan
[32m[info][0m Using 1 devices.
[32m[info][0m Estimated memory usage: 0.539913GB, Available: 16.000000GB
[32m[info][0m DomainDecomposer: no decomposition used
[32m[info][0m Output preallocated: 1
[32m[info][0m Input previously pinned: 0
[32m[info][0m Output previously pinned: 0
[34m[time][0m Prepare input and output buffer time: 0.006578 s
[32m[info][0m Compressing subdomain 0 with shape: 256 256 256 
[32m[info][0m Select device: Intel(R) UHD Graphics P630 [0x3e96]
[34m[time][0m Decomposition time: 0.210750 s
[34m[time][0m Decomposition throughput: 0.318428 GB/s
[34m[time][0m Quantization time: 0.277043 s
[34m[time][0m Quantization throughput: 0.242233 GB/s
[32m[info][0m Outlier ratio: 2146451/16777216 (12.793845%)
[32m[info][0m Huffman block size: 20480
[32m[info][0m Huffman dictionary size: 8192
[32m[info][0m Huffman compress ratio: 67108864/38026500 (1.764792)
[34m[time][0m Huffman compress time: 0.137004 s
[34m[time][0m Low-level compression time: 0.625034 s
[34m[time][0m Low-level compression throughput: 0.107368 GB/s
[34m[time][0m Compress single subdomain time: 0.810066 s
[34m[time][0m Aggregated low-level compression time: 0.812458 s
[34m[time][0m Aggregated low-level compression throughput: 0.082600 GB/s
[34m[time][0m Serialization time: 0.006396 s
[34m[time][0m High-level compression time: 0.825544 s
[34m[time][0m High-level compression throughput: 0.081290 GB/s
[32m[info][0m Compression ratio: 1.76479
[32m[info][0m Using 1 devices.
[32m[info][0m Output preallocated: 1
[32m[info][0m Input previously pinned: 0
[32m[info][0m Output previously pinned: 0
[34m[time][0m Prepare input and output buffer time: 0.000012 s
[32m[info][0m DomainDecomposer: no decomposition used
[34m[time][0m Deserialization time: 0.000102 s
[32m[info][0m Decompressing subdomain 0 with shape: 256 256 256 
[32m[info][0m Select device: Intel(R) UHD Graphics P630 [0x3e96]
[34m[time][0m Huffman decompress time: 0.270023 s
[34m[time][0m Dequantization time: 0.072244 s
[34m[time][0m Dequantization throughput: 0.928924 GB/s
[34m[time][0m Recomposition time: 0.181321 s
[34m[time][0m Recomposition throughput: 0.370110 GB/s
[34m[time][0m Low-level decompression time: 0.524087 s
[34m[time][0m Low-level decompression throughput: 0.128049 GB/s
[34m[time][0m Decompress single subdomain time: 0.711108 s
[34m[time][0m Aggregated low-level decompression time: 0.713493 s
[34m[time][0m Aggregated low-level decompression throughput: 0.094057 GB/s
[34m[time][0m High-level decompression time: 0.715291 s
[34m[time][0m High-level decompression throughput: 0.093820 GB/s
[32m[info][0m Absoluate L_inf error: 0.000000e+00 ([32mSatisified[0m)
[32m[info][0m MSE: -nan
[32m[info][0m PSNR: -nan
[32m[info][0m Using 1 devices.
[32m[info][0m Estimated memory usage: 0.539913GB, Available: 16.000000GB
[32m[info][0m DomainDecomposer: no decomposition used
[32m[info][0m Output preallocated: 1
[32m[info][0m Input previously pinned: 0
[32m[info][0m Output previously pinned: 0
[34m[time][0m Prepare input and output buffer time: 0.006809 s
[32m[info][0m Compressing subdomain 0 with shape: 256 256 256 
[32m[info][0m Select device: Intel(R) UHD Graphics P630 [0x3e96]
[34m[time][0m Decomposition time: 0.210629 s
[34m[time][0m Decomposition throughput: 0.318611 GB/s
[34m[time][0m Quantization time: 0.282039 s
[34m[time][0m Quantization throughput: 0.237942 GB/s
[32m[info][0m Outlier ratio: 2146451/16777216 (12.793845%)
[32m[info][0m Huffman block size: 20480
[32m[info][0m Huffman dictionary size: 8192
[32m[info][0m Huffman compress ratio: 67108864/38026500 (1.764792)
[34m[time][0m Huffman compress time: 0.136982 s
[34m[time][0m Low-level compression time: 0.629921 s
[34m[time][0m Low-level compression throughput: 0.106535 GB/s
[34m[time][0m Compress single subdomain time: 0.817259 s
[34m[time][0m Aggregated low-level compression time: 0.819582 s
[34m[time][0m Aggregated low-level compression throughput: 0.081882 GB/s
[34m[time][0m Serialization time: 0.006483 s
[34m[time][0m High-level compression time: 0.832984 s
[34m[time][0m High-level compression throughput: 0.080564 GB/s
[32m[info][0m Compression ratio: 1.76479
[32m[info][0m Using 1 devices.
[32m[info][0m Output preallocated: 1
[32m[info][0m Input previously pinned: 0
[32m[info][0m Output previously pinned: 0
[34m[time][0m Prepare input and output buffer time: 0.000010 s
[32m[info][0m DomainDecomposer: no decomposition used
[34m[time][0m Deserialization time: 0.000096 s
[32m[info][0m Decompressing subdomain 0 with shape: 256 256 256 
[32m[info][0m Select device: Intel(R) UHD Graphics P630 [0x3e96]
[34m[time][0m Huffman decompress time: 0.268598 s
[34m[time][0m Dequantization time: 0.072097 s
[34m[time][0m Dequantization throughput: 0.930808 GB/s
[34m[time][0m Recomposition time: 0.181725 s
[34m[time][0m Recomposition throughput: 0.369289 GB/s
[34m[time][0m Low-level decompression time: 0.522897 s
[34m[time][0m Low-level decompression throughput: 0.128341 GB/s
[34m[time][0m Decompress single subdomain time: 0.708865 s
[34m[time][0m Aggregated low-level decompression time: 0.711213 s
[34m[time][0m Aggregated low-level decompression throughput: 0.094358 GB/s
[34m[time][0m High-level decompression time: 0.712930 s
[34m[time][0m High-level decompression throughput: 0.094131 GB/s
[32m[info][0m Absoluate L_inf error: 0.000000e+00 ([32mSatisified[0m)
[32m[info][0m MSE: -nan
[32m[info][0m PSNR: -nan
[32m[info][0m Using 1 devices.
[32m[info][0m Estimated memory usage: 0.539913GB, Available: 16.000000GB
[32m[info][0m DomainDecomposer: no decomposition used
[32m[info][0m Output preallocated: 1
[32m[info][0m Input previously pinned: 0
[32m[info][0m Output previously pinned: 0
[34m[time][0m Prepare input and output buffer time: 0.006762 s
[32m[info][0m Compressing subdomain 0 with shape: 256 256 256 
[32m[info][0m Select device: Intel(R) UHD Graphics P630 [0x3e96]
[34m[time][0m Decomposition time: 0.210337 s
[34m[time][0m Decomposition throughput: 0.319055 GB/s
[34m[time][0m Quantization time: 0.282532 s
[34m[time][0m Quantization throughput: 0.237527 GB/s
[32m[info][0m Outlier ratio: 2146451/16777216 (12.793845%)
[32m[info][0m Huffman block size: 20480
[32m[info][0m Huffman dictionary size: 8192
[32m[info][0m Huffman compress ratio: 67108864/38026500 (1.764792)
[34m[time][0m Huffman compress time: 0.136805 s
[34m[time][0m Low-level compression time: 0.629930 s
[34m[time][0m Low-level compression throughput: 0.106534 GB/s
[34m[time][0m Compress single subdomain time: 0.816378 s
[34m[time][0m Aggregated low-level compression time: 0.818776 s
[34m[time][0m Aggregated low-level compression throughput: 0.081962 GB/s
[34m[time][0m Serialization time: 0.006287 s
[34m[time][0m High-level compression time: 0.831935 s
[34m[time][0m High-level compression throughput: 0.080666 GB/s
[32m[info][0m Compression ratio: 1.76479
[32m[info][0m Using 1 devices.
[32m[info][0m Output preallocated: 1
[32m[info][0m Input previously pinned: 0
[32m[info][0m Output previously pinned: 0
[34m[time][0m Prepare input and output buffer time: 0.000012 s
[32m[info][0m DomainDecomposer: no decomposition used
[34m[time][0m Deserialization time: 0.000106 s
[32m[info][0m Decompressing subdomain 0 with shape: 256 256 256 
[32m[info][0m Select device: Intel(R) UHD Graphics P630 [0x3e96]
[34m[time][0m Huffman decompress time: 0.268770 s
[34m[time][0m Dequantization time: 0.072232 s
[34m[time][0m Dequantization throughput: 0.929079 GB/s
[34m[time][0m Recomposition time: 0.181705 s
[34m[time][0m Recomposition throughput: 0.369329 GB/s
[34m[time][0m Low-level decompression time: 0.523186 s
[34m[time][0m Low-level decompression throughput: 0.128270 GB/s
[34m[time][0m Decompress single subdomain time: 0.711948 s
[34m[time][0m Aggregated low-level decompression time: 0.714330 s
[34m[time][0m Aggregated low-level decompression throughput: 0.093947 GB/s
[34m[time][0m High-level decompression time: 0.716173 s
[34m[time][0m High-level decompression throughput: 0.093705 GB/s
[32m[info][0m Absoluate L_inf error: 0.000000e+00 ([32mSatisified[0m)
[32m[info][0m MSE: -nan
[32m[info][0m PSNR: -nan
[32m[info][0m Using 1 devices.
[32m[info][0m Estimated memory usage: 0.539913GB, Available: 16.000000GB
[32m[info][0m DomainDecomposer: no decomposition used
[32m[info][0m Output preallocated: 1
[32m[info][0m Input previously pinned: 0
[32m[info][0m Output previously pinned: 0
[34m[time][0m Prepare input and output buffer time: 0.006707 s
[32m[info][0m Compressing subdomain 0 with shape: 256 256 256 
[32m[info][0m Select device: Intel(R) UHD Graphics P630 [0x3e96]
[34m[time][0m Decomposition time: 0.209941 s
[34m[time][0m Decomposition throughput: 0.319656 GB/s
[34m[time][0m Quantization time: 0.282182 s
[34m[time][0m Quantization throughput: 0.237821 GB/s
[32m[info][0m Outlier ratio: 2146451/16777216 (12.793845%)
[32m[info][0m Huffman block size: 20480
[32m[info][0m Huffman dictionary size: 8192
[32m[info][0m Huffman compress ratio: 67108864/38026500 (1.764792)
[34m[time][0m Huffman compress time: 0.138137 s
[34m[time][0m Low-level compression time: 0.630548 s
[34m[time][0m Low-level compression throughput: 0.106429 GB/s
[34m[time][0m Compress single subdomain time: 0.816241 s
[34m[time][0m Aggregated low-level compression time: 0.818668 s
[34m[time][0m Aggregated low-level compression throughput: 0.081973 GB/s
[34m[time][0m Serialization time: 0.006387 s
[34m[time][0m High-level compression time: 0.831874 s
[34m[time][0m High-level compression throughput: 0.080672 GB/s
[32m[info][0m Compression ratio: 1.76479
[32m[info][0m Using 1 devices.
[32m[info][0m Output preallocated: 1
[32m[info][0m Input previously pinned: 0
[32m[info][0m Output previously pinned: 0
[34m[time][0m Prepare input and output buffer time: 0.000012 s
[32m[info][0m DomainDecomposer: no decomposition used
[34m[time][0m Deserialization time: 0.000107 s
[32m[info][0m Decompressing subdomain 0 with shape: 256 256 256 
[32m[info][0m Select device: Intel(R) UHD Graphics P630 [0x3e96]
[34m[time][0m Huffman decompress time: 0.269208 s
[34m[time][0m Dequantization time: 0.072607 s
[34m[time][0m Dequantization throughput: 0.924275 GB/s
[34m[time][0m Recomposition time: 0.181820 s
[34m[time][0m Recomposition throughput: 0.369095 GB/s
[34m[time][0m Low-level decompression time: 0.524136 s
[34m[time][0m Low-level decompression throughput: 0.128037 GB/s
[34m[time][0m Decompress single subdomain time: 0.713215 s
[34m[time][0m Aggregated low-level decompression time: 0.715580 s
[34m[time][0m Aggregated low-level decompression throughput: 0.093783 GB/s
[34m[time][0m High-level decompression time: 0.717516 s
[34m[time][0m High-level decompression throughput: 0.093529 GB/s
[32m[info][0m Absoluate L_inf error: 0.000000e+00 ([32mSatisified[0m)
[32m[info][0m MSE: -nan
[32m[info][0m PSNR: -nan
[32m[info][0m Using 1 devices.
[32m[info][0m Estimated memory usage: 0.539913GB, Available: 16.000000GB
[32m[info][0m DomainDecomposer: no decomposition used
[32m[info][0m Output preallocated: 1
[32m[info][0m Input previously pinned: 0
[32m[info][0m Output previously pinned: 0
[34m[time][0m Prepare input and output buffer time: 0.006786 s
[32m[info][0m Compressing subdomain 0 with shape: 256 256 256 
[32m[info][0m Select device: Intel(R) UHD Graphics P630 [0x3e96]
[34m[time][0m Decomposition time: 0.210449 s
[34m[time][0m Decomposition throughput: 0.318884 GB/s
[34m[time][0m Quantization time: 0.281270 s
[34m[time][0m Quantization throughput: 0.238592 GB/s
[32m[info][0m Outlier ratio: 2146451/16777216 (12.793845%)
[32m[info][0m Huffman block size: 20480
[32m[info][0m Huffman dictionary size: 8192
[32m[info][0m Huffman compress ratio: 67108864/38026500 (1.764792)
[34m[time][0m Huffman compress time: 0.137657 s
[34m[time][0m Low-level compression time: 0.629649 s
[34m[time][0m Low-level compression throughput: 0.106581 GB/s
[34m[time][0m Compress single subdomain time: 0.815826 s
[34m[time][0m Aggregated low-level compression time: 0.818287 s
[34m[time][0m Aggregated low-level compression throughput: 0.082011 GB/s
[34m[time][0m Serialization time: 0.006049 s
[34m[time][0m High-level compression time: 0.831235 s
[34m[time][0m High-level compression throughput: 0.080734 GB/s
[32m[info][0m Compression ratio: 1.76479
[32m[info][0m Using 1 devices.
[32m[info][0m Output preallocated: 1
[32m[info][0m Input previously pinned: 0
[32m[info][0m Output previously pinned: 0
[34m[time][0m Prepare input and output buffer time: 0.000013 s
[32m[info][0m DomainDecomposer: no decomposition used
[34m[time][0m Deserialization time: 0.000107 s
[32m[info][0m Decompressing subdomain 0 with shape: 256 256 256 
[32m[info][0m Select device: Intel(R) UHD Graphics P630 [0x3e96]
[34m[time][0m Huffman decompress time: 0.269154 s
[34m[time][0m Dequantization time: 0.072474 s
[34m[time][0m Dequantization throughput: 0.925977 GB/s
[34m[time][0m Recomposition time: 0.181304 s
[34m[time][0m Recomposition throughput: 0.370146 GB/s
[34m[time][0m Low-level decompression time: 0.523375 s
[34m[time][0m Low-level decompression throughput: 0.128223 GB/s
[34m[time][0m Decompress single subdomain time: 0.714967 s
[34m[time][0m Aggregated low-level decompression time: 0.717350 s
[34m[time][0m Aggregated low-level decompression throughput: 0.093551 GB/s
[34m[time][0m High-level decompression time: 0.719288 s
[34m[time][0m High-level decompression throughput: 0.093299 GB/s
[32m[info][0m Absoluate L_inf error: 0.000000e+00 ([32mSatisified[0m)
[32m[info][0m MSE: -nan
[32m[info][0m PSNR: -nan
