[32m[info][0m mode: compression
[32m[info][0m original data: random
[32m[info][0m compressed data: /gpfs/alpine/proj-shared/csc143/jieyang/data/512x512x512/velocity_x.dat.mgard
[32m[info][0m data type: Double precision
[32m[info][0m error bound mode: Absolute
[32m[info][0m error bound: 1.000000e+00
[32m[info][0m s: inf
[32m[info][0m lossless: Huffman
[32m[info][0m device type: CUDA
[32m[info][0m Verbose: enabled
[32m[info][0m Using 1 devices.
[32m[info][0m Estimated memory usage: 0.003989GB, Available: 16.000000GB
[32m[info][0m DomainDecomposer: no decomposition used
[32m[info][0m Output preallocated: 1
[32m[info][0m Input previously pinned: 1
[32m[info][0m Output previously pinned: 1
[34m[time][0m Prepare input and output buffer time: 0.001573 s
[32m[info][0m Compressing subdomain 0 with shape: 32 32 32 
[32m[info][0m Select device: Tesla V100-SXM2-16GB
[34m[time][0m Decomposition time: 0.000272 s
[34m[time][0m Decomposition throughput: 0.962710 GB/s
[34m[time][0m Quantization time: 0.000034 s
[34m[time][0m Quantization throughput: 7.648703 GB/s
[32m[info][0m Outlier ratio: 0/32768 (0.000000%)
[32m[info][0m Huffman block size: 20480
[32m[info][0m Huffman dictionary size: 8192
[32m[info][0m Huffman compress ratio: 131072/62512 (2.096749)
[34m[time][0m Huffman compress time: 0.004014 s
[34m[time][0m Low-level compression time: 0.004381 s
[34m[time][0m Low-level compression throughput: 0.059833 GB/s
[34m[time][0m Compress single subdomain time: 0.026009 s
[34m[time][0m Aggregated low-level compression time: 0.031314 s
[34m[time][0m Aggregated low-level compression throughput: 0.008372 GB/s
[34m[time][0m Serialization time: 0.001688 s
[34m[time][0m High-level compression time: 0.035473 s
[34m[time][0m High-level compression throughput: 0.007390 GB/s
[32m[info][0m Compression ratio: 4.18687
[32m[info][0m Using 1 devices.
[32m[info][0m Output preallocated: 1
[32m[info][0m Input previously pinned: 1
[32m[info][0m Output previously pinned: 1
[34m[time][0m Prepare input and output buffer time: 0.000014 s
[32m[info][0m DomainDecomposer: no decomposition used
[34m[time][0m Deserialization time: 0.000014 s
[32m[info][0m Decompressing subdomain 0 with shape: 32 32 32 
[32m[info][0m Select device: Tesla V100-SXM2-16GB
[34m[time][0m Huffman decompress time: 0.011558 s
[34m[time][0m Dequantization time: 0.000023 s
[34m[time][0m Dequantization throughput: 11.483944 GB/s
[34m[time][0m Recomposition time: 0.000246 s
[34m[time][0m Recomposition throughput: 1.065851 GB/s
[34m[time][0m Low-level decompression time: 0.011898 s
[34m[time][0m Low-level decompression throughput: 0.022033 GB/s
[34m[time][0m Decompress single subdomain time: 0.033066 s
[34m[time][0m Aggregated low-level decompression time: 0.038313 s
[34m[time][0m Aggregated low-level decompression throughput: 0.006842 GB/s
[34m[time][0m High-level decompression time: 0.038555 s
[34m[time][0m High-level decompression throughput: 0.006799 GB/s
[32m[info][0m Absoluate L_inf error: 2.681319e-02 ([32mSatisified[0m)
[32m[info][0m MSE: 6.072743e-05
[32m[info][0m PSNR: 61.251
[32m[info][0m Using 1 devices.
[32m[info][0m Estimated memory usage: 0.003989GB, Available: 16.000000GB
[32m[info][0m DomainDecomposer: no decomposition used
[32m[info][0m Output preallocated: 1
[32m[info][0m Input previously pinned: 1
[32m[info][0m Output previously pinned: 1
[34m[time][0m Prepare input and output buffer time: 0.001604 s
[32m[info][0m Compressing subdomain 0 with shape: 32 32 32 
[32m[info][0m Select device: Tesla V100-SXM2-16GB
[34m[time][0m Decomposition time: 0.000229 s
[34m[time][0m Decomposition throughput: 1.142982 GB/s
[34m[time][0m Quantization time: 0.000032 s
[34m[time][0m Quantization throughput: 8.276054 GB/s
[32m[info][0m Outlier ratio: 0/32768 (0.000000%)
[32m[info][0m Huffman block size: 20480
[32m[info][0m Huffman dictionary size: 8192
[32m[info][0m Huffman compress ratio: 131072/62512 (2.096749)
[34m[time][0m Huffman compress time: 0.004016 s
[34m[time][0m Low-level compression time: 0.004321 s
[34m[time][0m Low-level compression throughput: 0.060664 GB/s
[34m[time][0m Compress single subdomain time: 0.025228 s
[34m[time][0m Aggregated low-level compression time: 0.030445 s
[34m[time][0m Aggregated low-level compression throughput: 0.008610 GB/s
[34m[time][0m Serialization time: 0.001653 s
[34m[time][0m High-level compression time: 0.034517 s
[34m[time][0m High-level compression throughput: 0.007595 GB/s
[32m[info][0m Compression ratio: 4.18687
[32m[info][0m Using 1 devices.
[32m[info][0m Output preallocated: 1
[32m[info][0m Input previously pinned: 1
[32m[info][0m Output previously pinned: 1
[34m[time][0m Prepare input and output buffer time: 0.000013 s
[32m[info][0m DomainDecomposer: no decomposition used
[34m[time][0m Deserialization time: 0.000014 s
[32m[info][0m Decompressing subdomain 0 with shape: 32 32 32 
[32m[info][0m Select device: Tesla V100-SXM2-16GB
[34m[time][0m Huffman decompress time: 0.011552 s
[34m[time][0m Dequantization time: 0.000021 s
[34m[time][0m Dequantization throughput: 12.415648 GB/s
[34m[time][0m Recomposition time: 0.000245 s
[34m[time][0m Recomposition throughput: 1.070246 GB/s
[34m[time][0m Low-level decompression time: 0.011895 s
[34m[time][0m Low-level decompression throughput: 0.022038 GB/s
[34m[time][0m Decompress single subdomain time: 0.032894 s
[34m[time][0m Aggregated low-level decompression time: 0.038068 s
[34m[time][0m Aggregated low-level decompression throughput: 0.006886 GB/s
[34m[time][0m High-level decompression time: 0.038302 s
[34m[time][0m High-level decompression throughput: 0.006844 GB/s
[32m[info][0m Absoluate L_inf error: 2.681319e-02 ([32mSatisified[0m)
[32m[info][0m MSE: 6.072743e-05
[32m[info][0m PSNR: 61.251
[32m[info][0m Using 1 devices.
[32m[info][0m Estimated memory usage: 0.003989GB, Available: 16.000000GB
[32m[info][0m DomainDecomposer: no decomposition used
[32m[info][0m Output preallocated: 1
[32m[info][0m Input previously pinned: 1
[32m[info][0m Output previously pinned: 1
[34m[time][0m Prepare input and output buffer time: 0.001613 s
[32m[info][0m Compressing subdomain 0 with shape: 32 32 32 
[32m[info][0m Select device: Tesla V100-SXM2-16GB
[34m[time][0m Decomposition time: 0.000230 s
[34m[time][0m Decomposition throughput: 1.139747 GB/s
[34m[time][0m Quantization time: 0.000031 s
[34m[time][0m Quantization throughput: 8.580257 GB/s
[32m[info][0m Outlier ratio: 0/32768 (0.000000%)
[32m[info][0m Huffman block size: 20480
[32m[info][0m Huffman dictionary size: 8192
[32m[info][0m Huffman compress ratio: 131072/62512 (2.096749)
[34m[time][0m Huffman compress time: 0.003965 s
[34m[time][0m Low-level compression time: 0.004275 s
[34m[time][0m Low-level compression throughput: 0.061314 GB/s
[34m[time][0m Compress single subdomain time: 0.025161 s
[34m[time][0m Aggregated low-level compression time: 0.030376 s
[34m[time][0m Aggregated low-level compression throughput: 0.008630 GB/s
[34m[time][0m Serialization time: 0.001703 s
[34m[time][0m High-level compression time: 0.034479 s
[34m[time][0m High-level compression throughput: 0.007603 GB/s
[32m[info][0m Compression ratio: 4.18687
[32m[info][0m Using 1 devices.
[32m[info][0m Output preallocated: 1
[32m[info][0m Input previously pinned: 1
[32m[info][0m Output previously pinned: 1
[34m[time][0m Prepare input and output buffer time: 0.000013 s
[32m[info][0m DomainDecomposer: no decomposition used
[34m[time][0m Deserialization time: 0.000014 s
[32m[info][0m Decompressing subdomain 0 with shape: 32 32 32 
[32m[info][0m Select device: Tesla V100-SXM2-16GB
[34m[time][0m Huffman decompress time: 0.011555 s
[34m[time][0m Dequantization time: 0.000024 s
[34m[time][0m Dequantization throughput: 10.700192 GB/s
[34m[time][0m Recomposition time: 0.000256 s
[34m[time][0m Recomposition throughput: 1.023764 GB/s
[34m[time][0m Low-level decompression time: 0.011930 s
[34m[time][0m Low-level decompression throughput: 0.021973 GB/s
[34m[time][0m Decompress single subdomain time: 0.032879 s
[34m[time][0m Aggregated low-level decompression time: 0.039012 s
[34m[time][0m Aggregated low-level decompression throughput: 0.006720 GB/s
[34m[time][0m High-level decompression time: 0.039246 s
[34m[time][0m High-level decompression throughput: 0.006680 GB/s
[32m[info][0m Absoluate L_inf error: 2.681319e-02 ([32mSatisified[0m)
[32m[info][0m MSE: 6.072743e-05
[32m[info][0m PSNR: 61.251
[32m[info][0m Using 1 devices.
[32m[info][0m Estimated memory usage: 0.003989GB, Available: 16.000000GB
[32m[info][0m DomainDecomposer: no decomposition used
[32m[info][0m Output preallocated: 1
[32m[info][0m Input previously pinned: 1
[32m[info][0m Output previously pinned: 1
[34m[time][0m Prepare input and output buffer time: 0.001919 s
[32m[info][0m Compressing subdomain 0 with shape: 32 32 32 
[32m[info][0m Select device: Tesla V100-SXM2-16GB
[34m[time][0m Decomposition time: 0.000241 s
[34m[time][0m Decomposition throughput: 1.087130 GB/s
[34m[time][0m Quantization time: 0.000036 s
[34m[time][0m Quantization throughput: 7.185374 GB/s
[32m[info][0m Outlier ratio: 0/32768 (0.000000%)
[32m[info][0m Huffman block size: 20480
[32m[info][0m Huffman dictionary size: 8192
[32m[info][0m Huffman compress ratio: 131072/62512 (2.096749)
[34m[time][0m Huffman compress time: 0.004023 s
[34m[time][0m Low-level compression time: 0.004355 s
[34m[time][0m Low-level compression throughput: 0.060189 GB/s
[34m[time][0m Compress single subdomain time: 0.029254 s
[34m[time][0m Aggregated low-level compression time: 0.035553 s
[34m[time][0m Aggregated low-level compression throughput: 0.007373 GB/s
[34m[time][0m Serialization time: 0.001991 s
[34m[time][0m High-level compression time: 0.040427 s
[34m[time][0m High-level compression throughput: 0.006484 GB/s
[32m[info][0m Compression ratio: 4.18687
[32m[info][0m Using 1 devices.
[32m[info][0m Output preallocated: 1
[32m[info][0m Input previously pinned: 1
[32m[info][0m Output previously pinned: 1
[34m[time][0m Prepare input and output buffer time: 0.000016 s
[32m[info][0m DomainDecomposer: no decomposition used
[34m[time][0m Deserialization time: 0.000016 s
[32m[info][0m Decompressing subdomain 0 with shape: 32 32 32 
[32m[info][0m Select device: Tesla V100-SXM2-16GB
[34m[time][0m Huffman decompress time: 0.011553 s
[34m[time][0m Dequantization time: 0.000021 s
[34m[time][0m Dequantization throughput: 12.352464 GB/s
[34m[time][0m Recomposition time: 0.000245 s
[34m[time][0m Recomposition throughput: 1.068676 GB/s
[34m[time][0m Low-level decompression time: 0.011893 s
[34m[time][0m Low-level decompression throughput: 0.022042 GB/s
[34m[time][0m Decompress single subdomain time: 0.037036 s
[34m[time][0m Aggregated low-level decompression time: 0.042281 s
[34m[time][0m Aggregated low-level decompression throughput: 0.006200 GB/s
[34m[time][0m High-level decompression time: 0.042575 s
[34m[time][0m High-level decompression throughput: 0.006157 GB/s
[32m[info][0m Absoluate L_inf error: 2.681319e-02 ([32mSatisified[0m)
[32m[info][0m MSE: 6.072743e-05
[32m[info][0m PSNR: 61.251
[32m[info][0m Using 1 devices.
[32m[info][0m Estimated memory usage: 0.003989GB, Available: 16.000000GB
[32m[info][0m DomainDecomposer: no decomposition used
[32m[info][0m Output preallocated: 1
[32m[info][0m Input previously pinned: 1
[32m[info][0m Output previously pinned: 1
[34m[time][0m Prepare input and output buffer time: 0.001631 s
[32m[info][0m Compressing subdomain 0 with shape: 32 32 32 
[32m[info][0m Select device: Tesla V100-SXM2-16GB
[34m[time][0m Decomposition time: 0.000229 s
[34m[time][0m Decomposition throughput: 1.146325 GB/s
[34m[time][0m Quantization time: 0.000032 s
[34m[time][0m Quantization throughput: 8.234976 GB/s
[32m[info][0m Outlier ratio: 0/32768 (0.000000%)
[32m[info][0m Huffman block size: 20480
[32m[info][0m Huffman dictionary size: 8192
[32m[info][0m Huffman compress ratio: 131072/62512 (2.096749)
[34m[time][0m Huffman compress time: 0.004113 s
[34m[time][0m Low-level compression time: 0.004420 s
[34m[time][0m Low-level compression throughput: 0.059310 GB/s
[34m[time][0m Compress single subdomain time: 0.025470 s
[34m[time][0m Aggregated low-level compression time: 0.030737 s
[34m[time][0m Aggregated low-level compression throughput: 0.008529 GB/s
[34m[time][0m Serialization time: 0.001672 s
[34m[time][0m High-level compression time: 0.034833 s
[34m[time][0m High-level compression throughput: 0.007526 GB/s
[32m[info][0m Compression ratio: 4.18687
[32m[info][0m Using 1 devices.
[32m[info][0m Output preallocated: 1
[32m[info][0m Input previously pinned: 1
[32m[info][0m Output previously pinned: 1
[34m[time][0m Prepare input and output buffer time: 0.000013 s
[32m[info][0m DomainDecomposer: no decomposition used
[34m[time][0m Deserialization time: 0.000013 s
[32m[info][0m Decompressing subdomain 0 with shape: 32 32 32 
[32m[info][0m Select device: Tesla V100-SXM2-16GB
[34m[time][0m Huffman decompress time: 0.011554 s
[34m[time][0m Dequantization time: 0.000021 s
[34m[time][0m Dequantization throughput: 12.214332 GB/s
[34m[time][0m Recomposition time: 0.000245 s
[34m[time][0m Recomposition throughput: 1.070858 GB/s
[34m[time][0m Low-level decompression time: 0.011890 s
[34m[time][0m Low-level decompression throughput: 0.022048 GB/s
[34m[time][0m Decompress single subdomain time: 0.033052 s
[34m[time][0m Aggregated low-level decompression time: 0.038266 s
[34m[time][0m Aggregated low-level decompression throughput: 0.006851 GB/s
[34m[time][0m High-level decompression time: 0.038505 s
[34m[time][0m High-level decompression throughput: 0.006808 GB/s
[32m[info][0m Absoluate L_inf error: 2.681319e-02 ([32mSatisified[0m)
[32m[info][0m MSE: 6.072743e-05
[32m[info][0m PSNR: 61.251
[32m[info][0m Using 1 devices.
[32m[info][0m Estimated memory usage: 0.003989GB, Available: 16.000000GB
[32m[info][0m DomainDecomposer: no decomposition used
[32m[info][0m Output preallocated: 1
[32m[info][0m Input previously pinned: 1
[32m[info][0m Output previously pinned: 1
[34m[time][0m Prepare input and output buffer time: 0.001626 s
[32m[info][0m Compressing subdomain 0 with shape: 32 32 32 
[32m[info][0m Select device: Tesla V100-SXM2-16GB
[34m[time][0m Decomposition time: 0.000230 s
[34m[time][0m Decomposition throughput: 1.139573 GB/s
[34m[time][0m Quantization time: 0.000032 s
[34m[time][0m Quantization throughput: 8.199174 GB/s
[32m[info][0m Outlier ratio: 0/32768 (0.000000%)
[32m[info][0m Huffman block size: 20480
[32m[info][0m Huffman dictionary size: 8192
[32m[info][0m Huffman compress ratio: 131072/62512 (2.096749)
[34m[time][0m Huffman compress time: 0.003964 s
[34m[time][0m Low-level compression time: 0.004271 s
[34m[time][0m Low-level compression throughput: 0.061379 GB/s
[34m[time][0m Compress single subdomain time: 0.025422 s
[34m[time][0m Aggregated low-level compression time: 0.030698 s
[34m[time][0m Aggregated low-level compression throughput: 0.008539 GB/s
[34m[time][0m Serialization time: 0.001675 s
[34m[time][0m High-level compression time: 0.034792 s
[34m[time][0m High-level compression throughput: 0.007535 GB/s
[32m[info][0m Compression ratio: 4.18687
[32m[info][0m Using 1 devices.
[32m[info][0m Output preallocated: 1
[32m[info][0m Input previously pinned: 1
[32m[info][0m Output previously pinned: 1
[34m[time][0m Prepare input and output buffer time: 0.000013 s
[32m[info][0m DomainDecomposer: no decomposition used
[34m[time][0m Deserialization time: 0.000014 s
[32m[info][0m Decompressing subdomain 0 with shape: 32 32 32 
[32m[info][0m Select device: Tesla V100-SXM2-16GB
[34m[time][0m Huffman decompress time: 0.011559 s
[34m[time][0m Dequantization time: 0.000023 s
[34m[time][0m Dequantization throughput: 11.455340 GB/s
[34m[time][0m Recomposition time: 0.000259 s
[34m[time][0m Recomposition throughput: 1.010796 GB/s
[34m[time][0m Low-level decompression time: 0.011911 s
[34m[time][0m Low-level decompression throughput: 0.022008 GB/s
[34m[time][0m Decompress single subdomain time: 0.033867 s
[34m[time][0m Aggregated low-level decompression time: 0.039148 s
[34m[time][0m Aggregated low-level decompression throughput: 0.006696 GB/s
[34m[time][0m High-level decompression time: 0.039387 s
[34m[time][0m High-level decompression throughput: 0.006656 GB/s
[32m[info][0m Absoluate L_inf error: 2.681319e-02 ([32mSatisified[0m)
[32m[info][0m MSE: 6.072743e-05
[32m[info][0m PSNR: 61.251
[32m[info][0m Using 1 devices.
[32m[info][0m Estimated memory usage: 0.003989GB, Available: 16.000000GB
[32m[info][0m DomainDecomposer: no decomposition used
[32m[info][0m Output preallocated: 1
[32m[info][0m Input previously pinned: 1
[32m[info][0m Output previously pinned: 1
[34m[time][0m Prepare input and output buffer time: 0.001614 s
[32m[info][0m Compressing subdomain 0 with shape: 32 32 32 
[32m[info][0m Select device: Tesla V100-SXM2-16GB
[34m[time][0m Decomposition time: 0.000232 s
[34m[time][0m Decomposition throughput: 1.130238 GB/s
[34m[time][0m Quantization time: 0.000034 s
[34m[time][0m Quantization throughput: 7.801440 GB/s
[32m[info][0m Outlier ratio: 0/32768 (0.000000%)
[32m[info][0m Huffman block size: 20480
[32m[info][0m Huffman dictionary size: 8192
[32m[info][0m Huffman compress ratio: 131072/62512 (2.096749)
[34m[time][0m Huffman compress time: 0.003955 s
[34m[time][0m Low-level compression time: 0.004265 s
[34m[time][0m Low-level compression throughput: 0.061461 GB/s
[34m[time][0m Compress single subdomain time: 0.025312 s
[34m[time][0m Aggregated low-level compression time: 0.030597 s
[34m[time][0m Aggregated low-level compression throughput: 0.008568 GB/s
[34m[time][0m Serialization time: 0.001670 s
[34m[time][0m High-level compression time: 0.034681 s
[34m[time][0m High-level compression throughput: 0.007559 GB/s
[32m[info][0m Compression ratio: 4.18687
[32m[info][0m Using 1 devices.
[32m[info][0m Output preallocated: 1
[32m[info][0m Input previously pinned: 1
[32m[info][0m Output previously pinned: 1
[34m[time][0m Prepare input and output buffer time: 0.000013 s
[32m[info][0m DomainDecomposer: no decomposition used
[34m[time][0m Deserialization time: 0.000017 s
[32m[info][0m Decompressing subdomain 0 with shape: 32 32 32 
[32m[info][0m Select device: Tesla V100-SXM2-16GB
[34m[time][0m Huffman decompress time: 0.011552 s
[34m[time][0m Dequantization time: 0.000021 s
[34m[time][0m Dequantization throughput: 12.412121 GB/s
[34m[time][0m Recomposition time: 0.000245 s
[34m[time][0m Recomposition throughput: 1.068641 GB/s
[34m[time][0m Low-level decompression time: 0.011887 s
[34m[time][0m Low-level decompression throughput: 0.022053 GB/s
[34m[time][0m Decompress single subdomain time: 0.032918 s
[34m[time][0m Aggregated low-level decompression time: 0.038149 s
[34m[time][0m Aggregated low-level decompression throughput: 0.006872 GB/s
[34m[time][0m High-level decompression time: 0.038411 s
[34m[time][0m High-level decompression throughput: 0.006825 GB/s
[32m[info][0m Absoluate L_inf error: 2.681319e-02 ([32mSatisified[0m)
[32m[info][0m MSE: 6.072743e-05
[32m[info][0m PSNR: 61.251
[32m[info][0m Using 1 devices.
[32m[info][0m Estimated memory usage: 0.003989GB, Available: 16.000000GB
[32m[info][0m DomainDecomposer: no decomposition used
[32m[info][0m Output preallocated: 1
[32m[info][0m Input previously pinned: 1
[32m[info][0m Output previously pinned: 1
[34m[time][0m Prepare input and output buffer time: 0.001609 s
[32m[info][0m Compressing subdomain 0 with shape: 32 32 32 
[32m[info][0m Select device: Tesla V100-SXM2-16GB
[34m[time][0m Decomposition time: 0.000231 s
[34m[time][0m Decomposition throughput: 1.136697 GB/s
[34m[time][0m Quantization time: 0.000032 s
[34m[time][0m Quantization throughput: 8.247931 GB/s
[32m[info][0m Outlier ratio: 0/32768 (0.000000%)
[32m[info][0m Huffman block size: 20480
[32m[info][0m Huffman dictionary size: 8192
[32m[info][0m Huffman compress ratio: 131072/62512 (2.096749)
[34m[time][0m Huffman compress time: 0.003958 s
[34m[time][0m Low-level compression time: 0.004265 s
[34m[time][0m Low-level compression throughput: 0.061461 GB/s
[34m[time][0m Compress single subdomain time: 0.025297 s
[34m[time][0m Aggregated low-level compression time: 0.030613 s
[34m[time][0m Aggregated low-level compression throughput: 0.008563 GB/s
[34m[time][0m Serialization time: 0.001706 s
[34m[time][0m High-level compression time: 0.034717 s
[34m[time][0m High-level compression throughput: 0.007551 GB/s
[32m[info][0m Compression ratio: 4.18687
[32m[info][0m Using 1 devices.
[32m[info][0m Output preallocated: 1
[32m[info][0m Input previously pinned: 1
[32m[info][0m Output previously pinned: 1
[34m[time][0m Prepare input and output buffer time: 0.000014 s
[32m[info][0m DomainDecomposer: no decomposition used
[34m[time][0m Deserialization time: 0.000014 s
[32m[info][0m Decompressing subdomain 0 with shape: 32 32 32 
[32m[info][0m Select device: Tesla V100-SXM2-16GB
[34m[time][0m Huffman decompress time: 0.011551 s
[34m[time][0m Dequantization time: 0.000021 s
[34m[time][0m Dequantization throughput: 12.502098 GB/s
[34m[time][0m Recomposition time: 0.000245 s
[34m[time][0m Recomposition throughput: 1.068371 GB/s
[34m[time][0m Low-level decompression time: 0.011884 s
[34m[time][0m Low-level decompression throughput: 0.022059 GB/s
[34m[time][0m Decompress single subdomain time: 0.033038 s
[34m[time][0m Aggregated low-level decompression time: 0.038282 s
[34m[time][0m Aggregated low-level decompression throughput: 0.006848 GB/s
[34m[time][0m High-level decompression time: 0.038520 s
[34m[time][0m High-level decompression throughput: 0.006805 GB/s
[32m[info][0m Absoluate L_inf error: 2.681319e-02 ([32mSatisified[0m)
[32m[info][0m MSE: 6.072743e-05
[32m[info][0m PSNR: 61.251
[32m[info][0m Using 1 devices.
[32m[info][0m Estimated memory usage: 0.003989GB, Available: 16.000000GB
[32m[info][0m DomainDecomposer: no decomposition used
[32m[info][0m Output preallocated: 1
[32m[info][0m Input previously pinned: 1
[32m[info][0m Output previously pinned: 1
[34m[time][0m Prepare input and output buffer time: 0.001617 s
[32m[info][0m Compressing subdomain 0 with shape: 32 32 32 
[32m[info][0m Select device: Tesla V100-SXM2-16GB
[34m[time][0m Decomposition time: 0.000233 s
[34m[time][0m Decomposition throughput: 1.126793 GB/s
[34m[time][0m Quantization time: 0.000033 s
[34m[time][0m Quantization throughput: 8.051353 GB/s
[32m[info][0m Outlier ratio: 0/32768 (0.000000%)
[32m[info][0m Huffman block size: 20480
[32m[info][0m Huffman dictionary size: 8192
[32m[info][0m Huffman compress ratio: 131072/62512 (2.096749)
[34m[time][0m Huffman compress time: 0.003968 s
[34m[time][0m Low-level compression time: 0.004280 s
[34m[time][0m Low-level compression throughput: 0.061247 GB/s
[34m[time][0m Compress single subdomain time: 0.025438 s
[34m[time][0m Aggregated low-level compression time: 0.030746 s
[34m[time][0m Aggregated low-level compression throughput: 0.008526 GB/s
[34m[time][0m Serialization time: 0.001680 s
[34m[time][0m High-level compression time: 0.034836 s
[34m[time][0m High-level compression throughput: 0.007525 GB/s
[32m[info][0m Compression ratio: 4.18687
[32m[info][0m Using 1 devices.
[32m[info][0m Output preallocated: 1
[32m[info][0m Input previously pinned: 1
[32m[info][0m Output previously pinned: 1
[34m[time][0m Prepare input and output buffer time: 0.000013 s
[32m[info][0m DomainDecomposer: no decomposition used
[34m[time][0m Deserialization time: 0.000014 s
[32m[info][0m Decompressing subdomain 0 with shape: 32 32 32 
[32m[info][0m Select device: Tesla V100-SXM2-16GB
[34m[time][0m Huffman decompress time: 0.011556 s
[34m[time][0m Dequantization time: 0.000022 s
[34m[time][0m Dequantization throughput: 11.986465 GB/s
[34m[time][0m Recomposition time: 0.000252 s
[34m[time][0m Recomposition throughput: 1.041676 GB/s
[34m[time][0m Low-level decompression time: 0.011911 s
[34m[time][0m Low-level decompression throughput: 0.022008 GB/s
[34m[time][0m Decompress single subdomain time: 0.032985 s
[34m[time][0m Aggregated low-level decompression time: 0.038394 s
[34m[time][0m Aggregated low-level decompression throughput: 0.006828 GB/s
[34m[time][0m High-level decompression time: 0.038633 s
[34m[time][0m High-level decompression throughput: 0.006786 GB/s
[32m[info][0m Absoluate L_inf error: 2.681319e-02 ([32mSatisified[0m)
[32m[info][0m MSE: 6.072743e-05
[32m[info][0m PSNR: 61.251
[32m[info][0m Using 1 devices.
[32m[info][0m Estimated memory usage: 0.003989GB, Available: 16.000000GB
[32m[info][0m DomainDecomposer: no decomposition used
[32m[info][0m Output preallocated: 1
[32m[info][0m Input previously pinned: 1
[32m[info][0m Output previously pinned: 1
[34m[time][0m Prepare input and output buffer time: 0.001651 s
[32m[info][0m Compressing subdomain 0 with shape: 32 32 32 
[32m[info][0m Select device: Tesla V100-SXM2-16GB
[34m[time][0m Decomposition time: 0.000231 s
[34m[time][0m Decomposition throughput: 1.135821 GB/s
[34m[time][0m Quantization time: 0.000032 s
[34m[time][0m Quantization throughput: 8.081884 GB/s
[32m[info][0m Outlier ratio: 0/32768 (0.000000%)
[32m[info][0m Huffman block size: 20480
[32m[info][0m Huffman dictionary size: 8192
[32m[info][0m Huffman compress ratio: 131072/62512 (2.096749)
[34m[time][0m Huffman compress time: 0.003958 s
[34m[time][0m Low-level compression time: 0.004267 s
[34m[time][0m Low-level compression throughput: 0.061434 GB/s
[34m[time][0m Compress single subdomain time: 0.025422 s
[34m[time][0m Aggregated low-level compression time: 0.030682 s
[34m[time][0m Aggregated low-level compression throughput: 0.008544 GB/s
[34m[time][0m Serialization time: 0.001669 s
[34m[time][0m High-level compression time: 0.034880 s
[34m[time][0m High-level compression throughput: 0.007516 GB/s
[32m[info][0m Compression ratio: 4.18687
[32m[info][0m Using 1 devices.
[32m[info][0m Output preallocated: 1
[32m[info][0m Input previously pinned: 1
[32m[info][0m Output previously pinned: 1
[34m[time][0m Prepare input and output buffer time: 0.000013 s
[32m[info][0m DomainDecomposer: no decomposition used
[34m[time][0m Deserialization time: 0.000014 s
[32m[info][0m Decompressing subdomain 0 with shape: 32 32 32 
[32m[info][0m Select device: Tesla V100-SXM2-16GB
[34m[time][0m Huffman decompress time: 0.011553 s
[34m[time][0m Dequantization time: 0.000021 s
[34m[time][0m Dequantization throughput: 12.705700 GB/s
[34m[time][0m Recomposition time: 0.000245 s
[34m[time][0m Recomposition throughput: 1.068658 GB/s
[34m[time][0m Low-level decompression time: 0.011886 s
[34m[time][0m Low-level decompression throughput: 0.022055 GB/s
[34m[time][0m Decompress single subdomain time: 0.032872 s
[34m[time][0m Aggregated low-level decompression time: 0.038029 s
[34m[time][0m Aggregated low-level decompression throughput: 0.006893 GB/s
[34m[time][0m High-level decompression time: 0.038267 s
[34m[time][0m High-level decompression throughput: 0.006850 GB/s
[32m[info][0m Absoluate L_inf error: 2.681319e-02 ([32mSatisified[0m)
[32m[info][0m MSE: 6.072743e-05
[32m[info][0m PSNR: 61.251
