[32m[info][0m mode: compression
[32m[info][0m original data: random
[32m[info][0m compressed data: /gpfs/alpine/proj-shared/csc143/jieyang/data/512x512x512/velocity_x.dat.mgard
[32m[info][0m data type: Double precision
[32m[info][0m error bound mode: Absolute
[32m[info][0m error bound: 1.000000e+00
[32m[info][0m s: inf
[32m[info][0m lossless: Huffman
[32m[info][0m device type: HIP
[32m[info][0m Verbose: enabled
[32m[info][0m Using 1 devices.
[32m[info][0m Estimated memory usage: 6.121295GB, Available: 16.000000GB
[32m[info][0m DomainDecomposer: no decomposition used
[32m[info][0m Output preallocated: 1
[32m[info][0m Input previously pinned: 1
[32m[info][0m Output previously pinned: 1
[34m[time][0m Prepare input and output buffer time: 0.001067 s
[32m[info][0m Compressing subdomain 0 with shape: 512 512 512 
[32m[info][0m Select device: AMD GPU
[34m[time][0m Decomposition time: 0.032956 s
[34m[time][0m Decomposition throughput: 32.580835 GB/s
[34m[time][0m Quantization time: 0.006186 s
[34m[time][0m Quantization throughput: 173.577346 GB/s
[32m[info][0m Outlier ratio: 0/134217728 (0.000000%)
[32m[info][0m Huffman block size: 20480
[32m[info][0m Huffman dictionary size: 8192
[32m[info][0m Huffman compress ratio: 536870912/116592880 (4.604663)
[34m[time][0m Huffman compress time: 0.039666 s
[34m[time][0m Low-level compression time: 0.078872 s
[34m[time][0m Low-level compression throughput: 13.613699 GB/s
[34m[time][0m Compress single subdomain time: 0.139203 s
[34m[time][0m Aggregated low-level compression time: 0.142524 s
[34m[time][0m Aggregated low-level compression throughput: 7.533745 GB/s
[34m[time][0m Serialization time: 0.000893 s
[34m[time][0m High-level compression time: 0.145057 s
[34m[time][0m High-level compression throughput: 7.402189 GB/s
[32m[info][0m Compression ratio: 9.20932
[32m[info][0m Using 1 devices.
[32m[info][0m Output preallocated: 1
[32m[info][0m Input previously pinned: 1
[32m[info][0m Output previously pinned: 1
[34m[time][0m Prepare input and output buffer time: 0.000006 s
[32m[info][0m DomainDecomposer: no decomposition used
[34m[time][0m Deserialization time: 0.000002 s
[32m[info][0m Decompressing subdomain 0 with shape: 512 512 512 
[32m[info][0m Select device: AMD GPU
[34m[time][0m Huffman decompress time: 0.067615 s
[34m[time][0m Dequantization time: 0.002194 s
[34m[time][0m Dequantization throughput: 489.423282 GB/s
[34m[time][0m Recomposition time: 0.030319 s
[34m[time][0m Recomposition throughput: 35.415146 GB/s
[34m[time][0m Low-level decompression time: 0.100218 s
[34m[time][0m Low-level decompression throughput: 10.714106 GB/s
[34m[time][0m Decompress single subdomain time: 0.160580 s
[34m[time][0m Aggregated low-level decompression time: 0.163853 s
[34m[time][0m Aggregated low-level decompression throughput: 6.553099 GB/s
[34m[time][0m High-level decompression time: 0.163915 s
[34m[time][0m High-level decompression throughput: 6.550611 GB/s
[32m[info][0m Absoluate L_inf error: 3.202216e-02 ([32mSatisified[0m)
[32m[info][0m MSE: 6.082468e-05
[32m[info][0m PSNR: 61.2441
[32m[info][0m Using 1 devices.
[32m[info][0m Estimated memory usage: 6.121295GB, Available: 16.000000GB
[32m[info][0m DomainDecomposer: no decomposition used
[32m[info][0m Output preallocated: 1
[32m[info][0m Input previously pinned: 1
[32m[info][0m Output previously pinned: 1
[34m[time][0m Prepare input and output buffer time: 0.001074 s
[32m[info][0m Compressing subdomain 0 with shape: 512 512 512 
[32m[info][0m Select device: AMD GPU
[34m[time][0m Decomposition time: 0.032296 s
[34m[time][0m Decomposition throughput: 33.246872 GB/s
[34m[time][0m Quantization time: 0.001868 s
[34m[time][0m Quantization throughput: 574.764257 GB/s
[32m[info][0m Outlier ratio: 0/134217728 (0.000000%)
[32m[info][0m Huffman block size: 20480
[32m[info][0m Huffman dictionary size: 8192
[32m[info][0m Huffman compress ratio: 536870912/116592880 (4.604663)
[34m[time][0m Huffman compress time: 0.036864 s
[34m[time][0m Low-level compression time: 0.071071 s
[34m[time][0m Low-level compression throughput: 15.108066 GB/s
[34m[time][0m Compress single subdomain time: 0.129661 s
[34m[time][0m Aggregated low-level compression time: 0.132984 s
[34m[time][0m Aggregated low-level compression throughput: 8.074195 GB/s
[34m[time][0m Serialization time: 0.000872 s
[34m[time][0m High-level compression time: 0.135064 s
[34m[time][0m High-level compression throughput: 7.949893 GB/s
[32m[info][0m Compression ratio: 9.20932
[32m[info][0m Using 1 devices.
[32m[info][0m Output preallocated: 1
[32m[info][0m Input previously pinned: 1
[32m[info][0m Output previously pinned: 1
[34m[time][0m Prepare input and output buffer time: 0.000005 s
[32m[info][0m DomainDecomposer: no decomposition used
[34m[time][0m Deserialization time: 0.000003 s
[32m[info][0m Decompressing subdomain 0 with shape: 512 512 512 
[32m[info][0m Select device: AMD GPU
[34m[time][0m Huffman decompress time: 0.068056 s
[34m[time][0m Dequantization time: 0.002190 s
[34m[time][0m Dequantization throughput: 490.316803 GB/s
[34m[time][0m Recomposition time: 0.030244 s
[34m[time][0m Recomposition throughput: 35.502206 GB/s
[34m[time][0m Low-level decompression time: 0.100555 s
[34m[time][0m Low-level decompression throughput: 10.678168 GB/s
[34m[time][0m Decompress single subdomain time: 0.160907 s
[34m[time][0m Aggregated low-level decompression time: 0.164243 s
[34m[time][0m Aggregated low-level decompression throughput: 6.537516 GB/s
[34m[time][0m High-level decompression time: 0.164301 s
[34m[time][0m High-level decompression throughput: 6.535195 GB/s
[32m[info][0m Absoluate L_inf error: 3.202216e-02 ([32mSatisified[0m)
[32m[info][0m MSE: 6.082468e-05
[32m[info][0m PSNR: 61.2441
[32m[info][0m Using 1 devices.
[32m[info][0m Estimated memory usage: 6.121295GB, Available: 16.000000GB
[32m[info][0m DomainDecomposer: no decomposition used
[32m[info][0m Output preallocated: 1
[32m[info][0m Input previously pinned: 1
[32m[info][0m Output previously pinned: 1
[34m[time][0m Prepare input and output buffer time: 0.001061 s
[32m[info][0m Compressing subdomain 0 with shape: 512 512 512 
[32m[info][0m Select device: AMD GPU
[34m[time][0m Decomposition time: 0.032287 s
[34m[time][0m Decomposition throughput: 33.256332 GB/s
[34m[time][0m Quantization time: 0.001870 s
[34m[time][0m Quantization throughput: 574.142215 GB/s
[32m[info][0m Outlier ratio: 0/134217728 (0.000000%)
[32m[info][0m Huffman block size: 20480
[32m[info][0m Huffman dictionary size: 8192
[32m[info][0m Huffman compress ratio: 536870912/116592880 (4.604663)
[34m[time][0m Huffman compress time: 0.036802 s
[34m[time][0m Low-level compression time: 0.070995 s
[34m[time][0m Low-level compression throughput: 15.124172 GB/s
[34m[time][0m Compress single subdomain time: 0.129704 s
[34m[time][0m Aggregated low-level compression time: 0.133025 s
[34m[time][0m Aggregated low-level compression throughput: 8.071755 GB/s
[34m[time][0m Serialization time: 0.000875 s
[34m[time][0m High-level compression time: 0.135094 s
[34m[time][0m High-level compression throughput: 7.948121 GB/s
[32m[info][0m Compression ratio: 9.20932
[32m[info][0m Using 1 devices.
[32m[info][0m Output preallocated: 1
[32m[info][0m Input previously pinned: 1
[32m[info][0m Output previously pinned: 1
[34m[time][0m Prepare input and output buffer time: 0.000005 s
[32m[info][0m DomainDecomposer: no decomposition used
[34m[time][0m Deserialization time: 0.000011 s
[32m[info][0m Decompressing subdomain 0 with shape: 512 512 512 
[32m[info][0m Select device: AMD GPU
[34m[time][0m Huffman decompress time: 0.067924 s
[34m[time][0m Dequantization time: 0.002193 s
[34m[time][0m Dequantization throughput: 489.557393 GB/s
[34m[time][0m Recomposition time: 0.030312 s
[34m[time][0m Recomposition throughput: 35.423245 GB/s
[34m[time][0m Low-level decompression time: 0.100493 s
[34m[time][0m Low-level decompression throughput: 10.684728 GB/s
[34m[time][0m Decompress single subdomain time: 0.160590 s
[34m[time][0m Aggregated low-level decompression time: 0.163892 s
[34m[time][0m Aggregated low-level decompression throughput: 6.551532 GB/s
[34m[time][0m High-level decompression time: 0.163958 s
[34m[time][0m High-level decompression throughput: 6.548892 GB/s
[32m[info][0m Absoluate L_inf error: 3.202216e-02 ([32mSatisified[0m)
[32m[info][0m MSE: 6.082468e-05
[32m[info][0m PSNR: 61.2441
[32m[info][0m Using 1 devices.
[32m[info][0m Estimated memory usage: 6.121295GB, Available: 16.000000GB
[32m[info][0m DomainDecomposer: no decomposition used
[32m[info][0m Output preallocated: 1
[32m[info][0m Input previously pinned: 1
[32m[info][0m Output previously pinned: 1
[34m[time][0m Prepare input and output buffer time: 0.001072 s
[32m[info][0m Compressing subdomain 0 with shape: 512 512 512 
[32m[info][0m Select device: AMD GPU
[34m[time][0m Decomposition time: 0.032329 s
[34m[time][0m Decomposition throughput: 33.213457 GB/s
[34m[time][0m Quantization time: 0.001873 s
[34m[time][0m Quantization throughput: 573.196372 GB/s
[32m[info][0m Outlier ratio: 0/134217728 (0.000000%)
[32m[info][0m Huffman block size: 20480
[32m[info][0m Huffman dictionary size: 8192
[32m[info][0m Huffman compress ratio: 536870912/116592880 (4.604663)
[34m[time][0m Huffman compress time: 0.036886 s
[34m[time][0m Low-level compression time: 0.071124 s
[34m[time][0m Low-level compression throughput: 15.096810 GB/s
[34m[time][0m Compress single subdomain time: 0.130129 s
[34m[time][0m Aggregated low-level compression time: 0.133438 s
[34m[time][0m Aggregated low-level compression throughput: 8.046721 GB/s
[34m[time][0m Serialization time: 0.000873 s
[34m[time][0m High-level compression time: 0.135518 s
[34m[time][0m High-level compression throughput: 7.923262 GB/s
[32m[info][0m Compression ratio: 9.20932
[32m[info][0m Using 1 devices.
[32m[info][0m Output preallocated: 1
[32m[info][0m Input previously pinned: 1
[32m[info][0m Output previously pinned: 1
[34m[time][0m Prepare input and output buffer time: 0.000005 s
[32m[info][0m DomainDecomposer: no decomposition used
[34m[time][0m Deserialization time: 0.000003 s
[32m[info][0m Decompressing subdomain 0 with shape: 512 512 512 
[32m[info][0m Select device: AMD GPU
[34m[time][0m Huffman decompress time: 0.066766 s
[34m[time][0m Dequantization time: 0.002195 s
[34m[time][0m Dequantization throughput: 489.251122 GB/s
[34m[time][0m Recomposition time: 0.030336 s
[34m[time][0m Recomposition throughput: 35.394724 GB/s
[34m[time][0m Low-level decompression time: 0.099361 s
[34m[time][0m Low-level decompression throughput: 10.806441 GB/s
[34m[time][0m Decompress single subdomain time: 0.159720 s
[34m[time][0m Aggregated low-level decompression time: 0.163041 s
[34m[time][0m Aggregated low-level decompression throughput: 6.585728 GB/s
[34m[time][0m High-level decompression time: 0.163098 s
[34m[time][0m High-level decompression throughput: 6.583409 GB/s
[32m[info][0m Absoluate L_inf error: 3.202216e-02 ([32mSatisified[0m)
[32m[info][0m MSE: 6.082468e-05
[32m[info][0m PSNR: 61.2441
[32m[info][0m Using 1 devices.
[32m[info][0m Estimated memory usage: 6.121295GB, Available: 16.000000GB
[32m[info][0m DomainDecomposer: no decomposition used
[32m[info][0m Output preallocated: 1
[32m[info][0m Input previously pinned: 1
[32m[info][0m Output previously pinned: 1
[34m[time][0m Prepare input and output buffer time: 0.001063 s
[32m[info][0m Compressing subdomain 0 with shape: 512 512 512 
[32m[info][0m Select device: AMD GPU
[34m[time][0m Decomposition time: 0.032351 s
[34m[time][0m Decomposition throughput: 33.190882 GB/s
[34m[time][0m Quantization time: 0.001889 s
[34m[time][0m Quantization throughput: 568.528874 GB/s
[32m[info][0m Outlier ratio: 0/134217728 (0.000000%)
[32m[info][0m Huffman block size: 20480
[32m[info][0m Huffman dictionary size: 8192
[32m[info][0m Huffman compress ratio: 536870912/116592880 (4.604663)
[34m[time][0m Huffman compress time: 0.036776 s
[34m[time][0m Low-level compression time: 0.071051 s
[34m[time][0m Low-level compression throughput: 15.112240 GB/s
[34m[time][0m Compress single subdomain time: 0.129971 s
[34m[time][0m Aggregated low-level compression time: 0.133291 s
[34m[time][0m Aggregated low-level compression throughput: 8.055623 GB/s
[34m[time][0m Serialization time: 0.000873 s
[34m[time][0m High-level compression time: 0.135360 s
[34m[time][0m High-level compression throughput: 7.932466 GB/s
[32m[info][0m Compression ratio: 9.20932
[32m[info][0m Using 1 devices.
[32m[info][0m Output preallocated: 1
[32m[info][0m Input previously pinned: 1
[32m[info][0m Output previously pinned: 1
[34m[time][0m Prepare input and output buffer time: 0.000006 s
[32m[info][0m DomainDecomposer: no decomposition used
[34m[time][0m Deserialization time: 0.000002 s
[32m[info][0m Decompressing subdomain 0 with shape: 512 512 512 
[32m[info][0m Select device: AMD GPU
[34m[time][0m Huffman decompress time: 0.067228 s
[34m[time][0m Dequantization time: 0.002190 s
[34m[time][0m Dequantization throughput: 490.363826 GB/s
[34m[time][0m Recomposition time: 0.030256 s
[34m[time][0m Recomposition throughput: 35.488333 GB/s
[34m[time][0m Low-level decompression time: 0.099738 s
[34m[time][0m Low-level decompression throughput: 10.765578 GB/s
[34m[time][0m Decompress single subdomain time: 0.160077 s
[34m[time][0m Aggregated low-level decompression time: 0.163392 s
[34m[time][0m Aggregated low-level decompression throughput: 6.571559 GB/s
[34m[time][0m High-level decompression time: 0.163450 s
[34m[time][0m High-level decompression throughput: 6.569236 GB/s
[32m[info][0m Absoluate L_inf error: 3.202216e-02 ([32mSatisified[0m)
[32m[info][0m MSE: 6.082468e-05
[32m[info][0m PSNR: 61.2441
[32m[info][0m Using 1 devices.
[32m[info][0m Estimated memory usage: 6.121295GB, Available: 16.000000GB
[32m[info][0m DomainDecomposer: no decomposition used
[32m[info][0m Output preallocated: 1
[32m[info][0m Input previously pinned: 1
[32m[info][0m Output previously pinned: 1
[34m[time][0m Prepare input and output buffer time: 0.001067 s
[32m[info][0m Compressing subdomain 0 with shape: 512 512 512 
[32m[info][0m Select device: AMD GPU
[34m[time][0m Decomposition time: 0.032334 s
[34m[time][0m Decomposition throughput: 33.208107 GB/s
[34m[time][0m Quantization time: 0.001876 s
[34m[time][0m Quantization throughput: 572.281396 GB/s
[32m[info][0m Outlier ratio: 0/134217728 (0.000000%)
[32m[info][0m Huffman block size: 20480
[32m[info][0m Huffman dictionary size: 8192
[32m[info][0m Huffman compress ratio: 536870912/116592880 (4.604663)
[34m[time][0m Huffman compress time: 0.036849 s
[34m[time][0m Low-level compression time: 0.071095 s
[34m[time][0m Low-level compression throughput: 15.102880 GB/s
[34m[time][0m Compress single subdomain time: 0.129735 s
[34m[time][0m Aggregated low-level compression time: 0.133037 s
[34m[time][0m Aggregated low-level compression throughput: 8.070977 GB/s
[34m[time][0m Serialization time: 0.000873 s
[34m[time][0m High-level compression time: 0.135111 s
[34m[time][0m High-level compression throughput: 7.947099 GB/s
[32m[info][0m Compression ratio: 9.20932
[32m[info][0m Using 1 devices.
[32m[info][0m Output preallocated: 1
[32m[info][0m Input previously pinned: 1
[32m[info][0m Output previously pinned: 1
[34m[time][0m Prepare input and output buffer time: 0.000006 s
[32m[info][0m DomainDecomposer: no decomposition used
[34m[time][0m Deserialization time: 0.000003 s
[32m[info][0m Decompressing subdomain 0 with shape: 512 512 512 
[32m[info][0m Select device: AMD GPU
[34m[time][0m Huffman decompress time: 0.067422 s
[34m[time][0m Dequantization time: 0.002191 s
[34m[time][0m Dequantization throughput: 490.063255 GB/s
[34m[time][0m Recomposition time: 0.030285 s
[34m[time][0m Recomposition throughput: 35.454381 GB/s
[34m[time][0m Low-level decompression time: 0.099964 s
[34m[time][0m Low-level decompression throughput: 10.741238 GB/s
[34m[time][0m Decompress single subdomain time: 0.160312 s
[34m[time][0m Aggregated low-level decompression time: 0.163642 s
[34m[time][0m Aggregated low-level decompression throughput: 6.561525 GB/s
[34m[time][0m High-level decompression time: 0.163701 s
[34m[time][0m High-level decompression throughput: 6.559163 GB/s
[32m[info][0m Absoluate L_inf error: 3.202216e-02 ([32mSatisified[0m)
[32m[info][0m MSE: 6.082468e-05
[32m[info][0m PSNR: 61.2441
[32m[info][0m Using 1 devices.
[32m[info][0m Estimated memory usage: 6.121295GB, Available: 16.000000GB
[32m[info][0m DomainDecomposer: no decomposition used
[32m[info][0m Output preallocated: 1
[32m[info][0m Input previously pinned: 1
[32m[info][0m Output previously pinned: 1
[34m[time][0m Prepare input and output buffer time: 0.000928 s
[32m[info][0m Compressing subdomain 0 with shape: 512 512 512 
[32m[info][0m Select device: AMD GPU
[34m[time][0m Decomposition time: 0.032281 s
[34m[time][0m Decomposition throughput: 33.262391 GB/s
[34m[time][0m Quantization time: 0.001878 s
[34m[time][0m Quantization throughput: 571.603544 GB/s
[32m[info][0m Outlier ratio: 0/134217728 (0.000000%)
[32m[info][0m Huffman block size: 20480
[32m[info][0m Huffman dictionary size: 8192
[32m[info][0m Huffman compress ratio: 536870912/116592880 (4.604663)
[34m[time][0m Huffman compress time: 0.036802 s
[34m[time][0m Low-level compression time: 0.070997 s
[34m[time][0m Low-level compression throughput: 15.123685 GB/s
[34m[time][0m Compress single subdomain time: 0.130244 s
[34m[time][0m Aggregated low-level compression time: 0.133562 s
[34m[time][0m Aggregated low-level compression throughput: 8.039258 GB/s
[34m[time][0m Serialization time: 0.000872 s
[34m[time][0m High-level compression time: 0.135495 s
[34m[time][0m High-level compression throughput: 7.924592 GB/s
[32m[info][0m Compression ratio: 9.20932
[32m[info][0m Using 1 devices.
[32m[info][0m Output preallocated: 1
[32m[info][0m Input previously pinned: 1
[32m[info][0m Output previously pinned: 1
[34m[time][0m Prepare input and output buffer time: 0.000005 s
[32m[info][0m DomainDecomposer: no decomposition used
[34m[time][0m Deserialization time: 0.000002 s
[32m[info][0m Decompressing subdomain 0 with shape: 512 512 512 
[32m[info][0m Select device: AMD GPU
[34m[time][0m Huffman decompress time: 0.066645 s
[34m[time][0m Dequantization time: 0.002192 s
[34m[time][0m Dequantization throughput: 489.879469 GB/s
[34m[time][0m Recomposition time: 0.030280 s
[34m[time][0m Recomposition throughput: 35.460528 GB/s
[34m[time][0m Low-level decompression time: 0.099184 s
[34m[time][0m Low-level decompression throughput: 10.825810 GB/s
[34m[time][0m Decompress single subdomain time: 0.159503 s
[34m[time][0m Aggregated low-level decompression time: 0.162822 s
[34m[time][0m Aggregated low-level decompression throughput: 6.594565 GB/s
[34m[time][0m High-level decompression time: 0.162880 s
[34m[time][0m High-level decompression throughput: 6.592233 GB/s
[32m[info][0m Absoluate L_inf error: 3.202216e-02 ([32mSatisified[0m)
[32m[info][0m MSE: 6.082468e-05
[32m[info][0m PSNR: 61.2441
[32m[info][0m Using 1 devices.
[32m[info][0m Estimated memory usage: 6.121295GB, Available: 16.000000GB
[32m[info][0m DomainDecomposer: no decomposition used
[32m[info][0m Output preallocated: 1
[32m[info][0m Input previously pinned: 1
[32m[info][0m Output previously pinned: 1
[34m[time][0m Prepare input and output buffer time: 0.001064 s
[32m[info][0m Compressing subdomain 0 with shape: 512 512 512 
[32m[info][0m Select device: AMD GPU
[34m[time][0m Decomposition time: 0.032328 s
[34m[time][0m Decomposition throughput: 33.214138 GB/s
[34m[time][0m Quantization time: 0.001870 s
[34m[time][0m Quantization throughput: 574.102308 GB/s
[32m[info][0m Outlier ratio: 0/134217728 (0.000000%)
[32m[info][0m Huffman block size: 20480
[32m[info][0m Huffman dictionary size: 8192
[32m[info][0m Huffman compress ratio: 536870912/116592880 (4.604663)
[34m[time][0m Huffman compress time: 0.036861 s
[34m[time][0m Low-level compression time: 0.071096 s
[34m[time][0m Low-level compression throughput: 15.102795 GB/s
[34m[time][0m Compress single subdomain time: 0.129798 s
[34m[time][0m Aggregated low-level compression time: 0.133413 s
[34m[time][0m Aggregated low-level compression throughput: 8.048237 GB/s
[34m[time][0m Serialization time: 0.000870 s
[34m[time][0m High-level compression time: 0.135476 s
[34m[time][0m High-level compression throughput: 7.925677 GB/s
[32m[info][0m Compression ratio: 9.20932
[32m[info][0m Using 1 devices.
[32m[info][0m Output preallocated: 1
[32m[info][0m Input previously pinned: 1
[32m[info][0m Output previously pinned: 1
[34m[time][0m Prepare input and output buffer time: 0.000005 s
[32m[info][0m DomainDecomposer: no decomposition used
[34m[time][0m Deserialization time: 0.000003 s
[32m[info][0m Decompressing subdomain 0 with shape: 512 512 512 
[32m[info][0m Select device: AMD GPU
[34m[time][0m Huffman decompress time: 0.067182 s
[34m[time][0m Dequantization time: 0.002195 s
[34m[time][0m Dequantization throughput: 489.186481 GB/s
[34m[time][0m Recomposition time: 0.030286 s
[34m[time][0m Recomposition throughput: 35.453549 GB/s
[34m[time][0m Low-level decompression time: 0.099729 s
[34m[time][0m Low-level decompression throughput: 10.766563 GB/s
[34m[time][0m Decompress single subdomain time: 0.160149 s
[34m[time][0m Aggregated low-level decompression time: 0.163480 s
[34m[time][0m Aggregated low-level decompression throughput: 6.568042 GB/s
[34m[time][0m High-level decompression time: 0.163539 s
[34m[time][0m High-level decompression throughput: 6.565679 GB/s
[32m[info][0m Absoluate L_inf error: 3.202216e-02 ([32mSatisified[0m)
[32m[info][0m MSE: 6.082468e-05
[32m[info][0m PSNR: 61.2441
[32m[info][0m Using 1 devices.
[32m[info][0m Estimated memory usage: 6.121295GB, Available: 16.000000GB
[32m[info][0m DomainDecomposer: no decomposition used
[32m[info][0m Output preallocated: 1
[32m[info][0m Input previously pinned: 1
[32m[info][0m Output previously pinned: 1
[34m[time][0m Prepare input and output buffer time: 0.001067 s
[32m[info][0m Compressing subdomain 0 with shape: 512 512 512 
[32m[info][0m Select device: AMD GPU
[34m[time][0m Decomposition time: 0.032307 s
[34m[time][0m Decomposition throughput: 33.235334 GB/s
[34m[time][0m Quantization time: 0.001881 s
[34m[time][0m Quantization throughput: 570.888138 GB/s
[32m[info][0m Outlier ratio: 0/134217728 (0.000000%)
[32m[info][0m Huffman block size: 20480
[32m[info][0m Huffman dictionary size: 8192
[32m[info][0m Huffman compress ratio: 536870912/116592880 (4.604663)
[34m[time][0m Huffman compress time: 0.037007 s
[34m[time][0m Low-level compression time: 0.071231 s
[34m[time][0m Low-level compression throughput: 15.074175 GB/s
[34m[time][0m Compress single subdomain time: 0.130306 s
[34m[time][0m Aggregated low-level compression time: 0.133618 s
[34m[time][0m Aggregated low-level compression throughput: 8.035935 GB/s
[34m[time][0m Serialization time: 0.000871 s
[34m[time][0m High-level compression time: 0.135689 s
[34m[time][0m High-level compression throughput: 7.913253 GB/s
[32m[info][0m Compression ratio: 9.20932
[32m[info][0m Using 1 devices.
[32m[info][0m Output preallocated: 1
[32m[info][0m Input previously pinned: 1
[32m[info][0m Output previously pinned: 1
[34m[time][0m Prepare input and output buffer time: 0.000005 s
[32m[info][0m DomainDecomposer: no decomposition used
[34m[time][0m Deserialization time: 0.000003 s
[32m[info][0m Decompressing subdomain 0 with shape: 512 512 512 
[32m[info][0m Select device: AMD GPU
[34m[time][0m Huffman decompress time: 0.066702 s
[34m[time][0m Dequantization time: 0.002195 s
[34m[time][0m Dequantization throughput: 489.188710 GB/s
[34m[time][0m Recomposition time: 0.030278 s
[34m[time][0m Recomposition throughput: 35.463251 GB/s
[34m[time][0m Low-level decompression time: 0.099249 s
[34m[time][0m Low-level decompression throughput: 10.818697 GB/s
[34m[time][0m Decompress single subdomain time: 0.159645 s
[34m[time][0m Aggregated low-level decompression time: 0.162970 s
[34m[time][0m Aggregated low-level decompression throughput: 6.588596 GB/s
[34m[time][0m High-level decompression time: 0.163028 s
[34m[time][0m High-level decompression throughput: 6.586246 GB/s
[32m[info][0m Absoluate L_inf error: 3.202216e-02 ([32mSatisified[0m)
[32m[info][0m MSE: 6.082468e-05
[32m[info][0m PSNR: 61.2441
[32m[info][0m Using 1 devices.
[32m[info][0m Estimated memory usage: 6.121295GB, Available: 16.000000GB
[32m[info][0m DomainDecomposer: no decomposition used
[32m[info][0m Output preallocated: 1
[32m[info][0m Input previously pinned: 1
[32m[info][0m Output previously pinned: 1
[34m[time][0m Prepare input and output buffer time: 0.001056 s
[32m[info][0m Compressing subdomain 0 with shape: 512 512 512 
[32m[info][0m Select device: AMD GPU
[34m[time][0m Decomposition time: 0.032329 s
[34m[time][0m Decomposition throughput: 33.212593 GB/s
[34m[time][0m Quantization time: 0.001882 s
[34m[time][0m Quantization throughput: 570.468967 GB/s
[32m[info][0m Outlier ratio: 0/134217728 (0.000000%)
[32m[info][0m Huffman block size: 20480
[32m[info][0m Huffman dictionary size: 8192
[32m[info][0m Huffman compress ratio: 536870912/116592880 (4.604663)
[34m[time][0m Huffman compress time: 0.036868 s
[34m[time][0m Low-level compression time: 0.071116 s
[34m[time][0m Low-level compression throughput: 15.098431 GB/s
[34m[time][0m Compress single subdomain time: 0.129884 s
[34m[time][0m Aggregated low-level compression time: 0.133233 s
[34m[time][0m Aggregated low-level compression throughput: 8.059156 GB/s
[34m[time][0m Serialization time: 0.000871 s
[34m[time][0m High-level compression time: 0.135290 s
[34m[time][0m High-level compression throughput: 7.936567 GB/s
[32m[info][0m Compression ratio: 9.20932
[32m[info][0m Using 1 devices.
[32m[info][0m Output preallocated: 1
[32m[info][0m Input previously pinned: 1
[32m[info][0m Output previously pinned: 1
[34m[time][0m Prepare input and output buffer time: 0.000006 s
[32m[info][0m DomainDecomposer: no decomposition used
[34m[time][0m Deserialization time: 0.000003 s
[32m[info][0m Decompressing subdomain 0 with shape: 512 512 512 
[32m[info][0m Select device: AMD GPU
[34m[time][0m Huffman decompress time: 0.067787 s
[34m[time][0m Dequantization time: 0.002199 s
[34m[time][0m Dequantization throughput: 488.303734 GB/s
[34m[time][0m Recomposition time: 0.030272 s
[34m[time][0m Recomposition throughput: 35.469788 GB/s
[34m[time][0m Low-level decompression time: 0.100324 s
[34m[time][0m Low-level decompression throughput: 10.702763 GB/s
[34m[time][0m Decompress single subdomain time: 0.160641 s
[34m[time][0m Aggregated low-level decompression time: 0.163928 s
[34m[time][0m Aggregated low-level decompression throughput: 6.550068 GB/s
[34m[time][0m High-level decompression time: 0.163987 s
[34m[time][0m High-level decompression throughput: 6.547738 GB/s
[32m[info][0m Absoluate L_inf error: 3.202216e-02 ([32mSatisified[0m)
[32m[info][0m MSE: 6.082468e-05
[32m[info][0m PSNR: 61.2441
