[32m[info][0m mode: compression
[32m[info][0m original data: random
[32m[info][0m compressed data: /gpfs/alpine/proj-shared/csc143/jieyang/data/512x512x512/velocity_x.dat.mgard
[32m[info][0m data type: Double precision
[32m[info][0m error bound mode: Absolute
[32m[info][0m error bound: 1.000000e+00
[32m[info][0m s: inf
[32m[info][0m lossless: Huffman
[32m[info][0m device type: HIP
[32m[info][0m Verbose: enabled
[32m[info][0m Using 1 devices.
[32m[info][0m Estimated memory usage: 0.015805GB, Available: 16.000000GB
[32m[info][0m DomainDecomposer: no decomposition used
[32m[info][0m Output preallocated: 1
[32m[info][0m Input previously pinned: 1
[32m[info][0m Output previously pinned: 1
[34m[time][0m Prepare input and output buffer time: 0.001088 s
[32m[info][0m Compressing subdomain 0 with shape: 64 64 64 
[32m[info][0m Select device: AMD GPU
[34m[time][0m Decomposition time: 0.002665 s
[34m[time][0m Decomposition throughput: 0.786799 GB/s
[34m[time][0m Quantization time: 0.004339 s
[34m[time][0m Quantization throughput: 0.483332 GB/s
[32m[info][0m Outlier ratio: 0/262144 (0.000000%)
[32m[info][0m Huffman block size: 20480
[32m[info][0m Huffman dictionary size: 8192
[32m[info][0m Huffman compress ratio: 1048576/262264 (3.998170)
[34m[time][0m Huffman compress time: 0.023759 s
[34m[time][0m Low-level compression time: 0.030826 s
[34m[time][0m Low-level compression throughput: 0.068032 GB/s
[34m[time][0m Compress single subdomain time: 0.044233 s
[34m[time][0m Aggregated low-level compression time: 0.047278 s
[34m[time][0m Aggregated low-level compression throughput: 0.044358 GB/s
[34m[time][0m Serialization time: 0.000879 s
[34m[time][0m High-level compression time: 0.049586 s
[34m[time][0m High-level compression throughput: 0.042293 GB/s
[32m[info][0m Compression ratio: 7.99332
[32m[info][0m Using 1 devices.
[32m[info][0m Output preallocated: 1
[32m[info][0m Input previously pinned: 1
[32m[info][0m Output previously pinned: 1
[34m[time][0m Prepare input and output buffer time: 0.000005 s
[32m[info][0m DomainDecomposer: no decomposition used
[34m[time][0m Deserialization time: 0.000002 s
[32m[info][0m Decompressing subdomain 0 with shape: 64 64 64 
[32m[info][0m Select device: AMD GPU
[34m[time][0m Huffman decompress time: 0.043850 s
[34m[time][0m Dequantization time: 0.000046 s
[34m[time][0m Dequantization throughput: 45.703526 GB/s
[34m[time][0m Recomposition time: 0.001402 s
[34m[time][0m Recomposition throughput: 1.495667 GB/s
[34m[time][0m Low-level decompression time: 0.045374 s
[34m[time][0m Low-level decompression throughput: 0.046219 GB/s
[34m[time][0m Decompress single subdomain time: 0.057252 s
[34m[time][0m Aggregated low-level decompression time: 0.060314 s
[34m[time][0m Aggregated low-level decompression throughput: 0.034771 GB/s
[34m[time][0m High-level decompression time: 0.060370 s
[34m[time][0m High-level decompression throughput: 0.034738 GB/s
[32m[info][0m Absoluate L_inf error: 3.082795e-02 ([32mSatisified[0m)
[32m[info][0m MSE: 6.034428e-05
[32m[info][0m PSNR: 61.2785
[32m[info][0m Using 1 devices.
[32m[info][0m Estimated memory usage: 0.015805GB, Available: 16.000000GB
[32m[info][0m DomainDecomposer: no decomposition used
[32m[info][0m Output preallocated: 1
[32m[info][0m Input previously pinned: 1
[32m[info][0m Output previously pinned: 1
[34m[time][0m Prepare input and output buffer time: 0.000953 s
[32m[info][0m Compressing subdomain 0 with shape: 64 64 64 
[32m[info][0m Select device: AMD GPU
[34m[time][0m Decomposition time: 0.000546 s
[34m[time][0m Decomposition throughput: 3.841571 GB/s
[34m[time][0m Quantization time: 0.000043 s
[34m[time][0m Quantization throughput: 48.906322 GB/s
[32m[info][0m Outlier ratio: 0/262144 (0.000000%)
[32m[info][0m Huffman block size: 20480
[32m[info][0m Huffman dictionary size: 8192
[32m[info][0m Huffman compress ratio: 1048576/262264 (3.998170)
[34m[time][0m Huffman compress time: 0.020356 s
[34m[time][0m Low-level compression time: 0.020995 s
[34m[time][0m Low-level compression throughput: 0.099886 GB/s
[34m[time][0m Compress single subdomain time: 0.033123 s
[34m[time][0m Aggregated low-level compression time: 0.036256 s
[34m[time][0m Aggregated low-level compression throughput: 0.057843 GB/s
[34m[time][0m Serialization time: 0.000881 s
[34m[time][0m High-level compression time: 0.038161 s
[34m[time][0m High-level compression throughput: 0.054955 GB/s
[32m[info][0m Compression ratio: 7.99332
[32m[info][0m Using 1 devices.
[32m[info][0m Output preallocated: 1
[32m[info][0m Input previously pinned: 1
[32m[info][0m Output previously pinned: 1
[34m[time][0m Prepare input and output buffer time: 0.000004 s
[32m[info][0m DomainDecomposer: no decomposition used
[34m[time][0m Deserialization time: 0.000002 s
[32m[info][0m Decompressing subdomain 0 with shape: 64 64 64 
[32m[info][0m Select device: AMD GPU
[34m[time][0m Huffman decompress time: 0.044295 s
[34m[time][0m Dequantization time: 0.000045 s
[34m[time][0m Dequantization throughput: 46.444435 GB/s
[34m[time][0m Recomposition time: 0.000511 s
[34m[time][0m Recomposition throughput: 4.103574 GB/s
[34m[time][0m Low-level decompression time: 0.044905 s
[34m[time][0m Low-level decompression throughput: 0.046702 GB/s
[34m[time][0m Decompress single subdomain time: 0.056995 s
[34m[time][0m Aggregated low-level decompression time: 0.060123 s
[34m[time][0m Aggregated low-level decompression throughput: 0.034881 GB/s
[34m[time][0m High-level decompression time: 0.060174 s
[34m[time][0m High-level decompression throughput: 0.034852 GB/s
[32m[info][0m Absoluate L_inf error: 3.082795e-02 ([32mSatisified[0m)
[32m[info][0m MSE: 6.034428e-05
[32m[info][0m PSNR: 61.2785
[32m[info][0m Using 1 devices.
[32m[info][0m Estimated memory usage: 0.015805GB, Available: 16.000000GB
[32m[info][0m DomainDecomposer: no decomposition used
[32m[info][0m Output preallocated: 1
[32m[info][0m Input previously pinned: 1
[32m[info][0m Output previously pinned: 1
[34m[time][0m Prepare input and output buffer time: 0.000956 s
[32m[info][0m Compressing subdomain 0 with shape: 64 64 64 
[32m[info][0m Select device: AMD GPU
[34m[time][0m Decomposition time: 0.000542 s
[34m[time][0m Decomposition throughput: 3.868114 GB/s
[34m[time][0m Quantization time: 0.000037 s
[34m[time][0m Quantization throughput: 56.270681 GB/s
[32m[info][0m Outlier ratio: 0/262144 (0.000000%)
[32m[info][0m Huffman block size: 20480
[32m[info][0m Huffman dictionary size: 8192
[32m[info][0m Huffman compress ratio: 1048576/262264 (3.998170)
[34m[time][0m Huffman compress time: 0.019571 s
[34m[time][0m Low-level compression time: 0.020184 s
[34m[time][0m Low-level compression throughput: 0.103900 GB/s
[34m[time][0m Compress single subdomain time: 0.032205 s
[34m[time][0m Aggregated low-level compression time: 0.035316 s
[34m[time][0m Aggregated low-level compression throughput: 0.059382 GB/s
[34m[time][0m Serialization time: 0.000887 s
[34m[time][0m High-level compression time: 0.037226 s
[34m[time][0m High-level compression throughput: 0.056335 GB/s
[32m[info][0m Compression ratio: 7.99332
[32m[info][0m Using 1 devices.
[32m[info][0m Output preallocated: 1
[32m[info][0m Input previously pinned: 1
[32m[info][0m Output previously pinned: 1
[34m[time][0m Prepare input and output buffer time: 0.000004 s
[32m[info][0m DomainDecomposer: no decomposition used
[34m[time][0m Deserialization time: 0.000002 s
[32m[info][0m Decompressing subdomain 0 with shape: 64 64 64 
[32m[info][0m Select device: AMD GPU
[34m[time][0m Huffman decompress time: 0.044412 s
[34m[time][0m Dequantization time: 0.000045 s
[34m[time][0m Dequantization throughput: 46.116592 GB/s
[34m[time][0m Recomposition time: 0.000510 s
[34m[time][0m Recomposition throughput: 4.108244 GB/s
[34m[time][0m Low-level decompression time: 0.045021 s
[34m[time][0m Low-level decompression throughput: 0.046582 GB/s
[34m[time][0m Decompress single subdomain time: 0.056908 s
[34m[time][0m Aggregated low-level decompression time: 0.060053 s
[34m[time][0m Aggregated low-level decompression throughput: 0.034922 GB/s
[34m[time][0m High-level decompression time: 0.060102 s
[34m[time][0m High-level decompression throughput: 0.034893 GB/s
[32m[info][0m Absoluate L_inf error: 3.082795e-02 ([32mSatisified[0m)
[32m[info][0m MSE: 6.034428e-05
[32m[info][0m PSNR: 61.2785
[32m[info][0m Using 1 devices.
[32m[info][0m Estimated memory usage: 0.015805GB, Available: 16.000000GB
[32m[info][0m DomainDecomposer: no decomposition used
[32m[info][0m Output preallocated: 1
[32m[info][0m Input previously pinned: 1
[32m[info][0m Output previously pinned: 1
[34m[time][0m Prepare input and output buffer time: 0.000953 s
[32m[info][0m Compressing subdomain 0 with shape: 64 64 64 
[32m[info][0m Select device: AMD GPU
[34m[time][0m Decomposition time: 0.000540 s
[34m[time][0m Decomposition throughput: 3.885277 GB/s
[34m[time][0m Quantization time: 0.000037 s
[34m[time][0m Quantization throughput: 56.574280 GB/s
[32m[info][0m Outlier ratio: 0/262144 (0.000000%)
[32m[info][0m Huffman block size: 20480
[32m[info][0m Huffman dictionary size: 8192
[32m[info][0m Huffman compress ratio: 1048576/262264 (3.998170)
[34m[time][0m Huffman compress time: 0.019527 s
[34m[time][0m Low-level compression time: 0.020137 s
[34m[time][0m Low-level compression throughput: 0.104144 GB/s
[34m[time][0m Compress single subdomain time: 0.032194 s
[34m[time][0m Aggregated low-level compression time: 0.035317 s
[34m[time][0m Aggregated low-level compression throughput: 0.059382 GB/s
[34m[time][0m Serialization time: 0.000880 s
[34m[time][0m High-level compression time: 0.037216 s
[34m[time][0m High-level compression throughput: 0.056351 GB/s
[32m[info][0m Compression ratio: 7.99332
[32m[info][0m Using 1 devices.
[32m[info][0m Output preallocated: 1
[32m[info][0m Input previously pinned: 1
[32m[info][0m Output previously pinned: 1
[34m[time][0m Prepare input and output buffer time: 0.000004 s
[32m[info][0m DomainDecomposer: no decomposition used
[34m[time][0m Deserialization time: 0.000002 s
[32m[info][0m Decompressing subdomain 0 with shape: 64 64 64 
[32m[info][0m Select device: AMD GPU
[34m[time][0m Huffman decompress time: 0.044448 s
[34m[time][0m Dequantization time: 0.000045 s
[34m[time][0m Dequantization throughput: 46.932951 GB/s
[34m[time][0m Recomposition time: 0.000512 s
[34m[time][0m Recomposition throughput: 4.098906 GB/s
[34m[time][0m Low-level decompression time: 0.045057 s
[34m[time][0m Low-level decompression throughput: 0.046544 GB/s
[34m[time][0m Decompress single subdomain time: 0.056958 s
[34m[time][0m Aggregated low-level decompression time: 0.060077 s
[34m[time][0m Aggregated low-level decompression throughput: 0.034908 GB/s
[34m[time][0m High-level decompression time: 0.060126 s
[34m[time][0m High-level decompression throughput: 0.034879 GB/s
[32m[info][0m Absoluate L_inf error: 3.082795e-02 ([32mSatisified[0m)
[32m[info][0m MSE: 6.034428e-05
[32m[info][0m PSNR: 61.2785
[32m[info][0m Using 1 devices.
[32m[info][0m Estimated memory usage: 0.015805GB, Available: 16.000000GB
[32m[info][0m DomainDecomposer: no decomposition used
[32m[info][0m Output preallocated: 1
[32m[info][0m Input previously pinned: 1
[32m[info][0m Output previously pinned: 1
[34m[time][0m Prepare input and output buffer time: 0.000957 s
[32m[info][0m Compressing subdomain 0 with shape: 64 64 64 
[32m[info][0m Select device: AMD GPU
[34m[time][0m Decomposition time: 0.000538 s
[34m[time][0m Decomposition throughput: 3.900989 GB/s
[34m[time][0m Quantization time: 0.000037 s
[34m[time][0m Quantization throughput: 57.146221 GB/s
[32m[info][0m Outlier ratio: 0/262144 (0.000000%)
[32m[info][0m Huffman block size: 20480
[32m[info][0m Huffman dictionary size: 8192
[32m[info][0m Huffman compress ratio: 1048576/262264 (3.998170)
[34m[time][0m Huffman compress time: 0.020469 s
[34m[time][0m Low-level compression time: 0.021077 s
[34m[time][0m Low-level compression throughput: 0.099501 GB/s
[34m[time][0m Compress single subdomain time: 0.033146 s
[34m[time][0m Aggregated low-level compression time: 0.036263 s
[34m[time][0m Aggregated low-level compression throughput: 0.057831 GB/s
[34m[time][0m Serialization time: 0.000881 s
[34m[time][0m High-level compression time: 0.038167 s
[34m[time][0m High-level compression throughput: 0.054946 GB/s
[32m[info][0m Compression ratio: 7.99332
[32m[info][0m Using 1 devices.
[32m[info][0m Output preallocated: 1
[32m[info][0m Input previously pinned: 1
[32m[info][0m Output previously pinned: 1
[34m[time][0m Prepare input and output buffer time: 0.000004 s
[32m[info][0m DomainDecomposer: no decomposition used
[34m[time][0m Deserialization time: 0.000002 s
[32m[info][0m Decompressing subdomain 0 with shape: 64 64 64 
[32m[info][0m Select device: AMD GPU
[34m[time][0m Huffman decompress time: 0.043737 s
[34m[time][0m Dequantization time: 0.000044 s
[34m[time][0m Dequantization throughput: 47.466208 GB/s
[34m[time][0m Recomposition time: 0.000513 s
[34m[time][0m Recomposition throughput: 4.085388 GB/s
[34m[time][0m Low-level decompression time: 0.044347 s
[34m[time][0m Low-level decompression throughput: 0.047289 GB/s
[34m[time][0m Decompress single subdomain time: 0.056123 s
[34m[time][0m Aggregated low-level decompression time: 0.059258 s
[34m[time][0m Aggregated low-level decompression throughput: 0.035390 GB/s
[34m[time][0m High-level decompression time: 0.059308 s
[34m[time][0m High-level decompression throughput: 0.035361 GB/s
[32m[info][0m Absoluate L_inf error: 3.082795e-02 ([32mSatisified[0m)
[32m[info][0m MSE: 6.034428e-05
[32m[info][0m PSNR: 61.2785
[32m[info][0m Using 1 devices.
[32m[info][0m Estimated memory usage: 0.015805GB, Available: 16.000000GB
[32m[info][0m DomainDecomposer: no decomposition used
[32m[info][0m Output preallocated: 1
[32m[info][0m Input previously pinned: 1
[32m[info][0m Output previously pinned: 1
[34m[time][0m Prepare input and output buffer time: 0.000951 s
[32m[info][0m Compressing subdomain 0 with shape: 64 64 64 
[32m[info][0m Select device: AMD GPU
[34m[time][0m Decomposition time: 0.000539 s
[34m[time][0m Decomposition throughput: 3.891990 GB/s
[34m[time][0m Quantization time: 0.000037 s
[34m[time][0m Quantization throughput: 56.989375 GB/s
[32m[info][0m Outlier ratio: 0/262144 (0.000000%)
[32m[info][0m Huffman block size: 20480
[32m[info][0m Huffman dictionary size: 8192
[32m[info][0m Huffman compress ratio: 1048576/262264 (3.998170)
[34m[time][0m Huffman compress time: 0.019955 s
[34m[time][0m Low-level compression time: 0.020564 s
[34m[time][0m Low-level compression throughput: 0.101981 GB/s
[34m[time][0m Compress single subdomain time: 0.032605 s
[34m[time][0m Aggregated low-level compression time: 0.035780 s
[34m[time][0m Aggregated low-level compression throughput: 0.058612 GB/s
[34m[time][0m Serialization time: 0.000883 s
[34m[time][0m High-level compression time: 0.037681 s
[34m[time][0m High-level compression throughput: 0.055656 GB/s
[32m[info][0m Compression ratio: 7.99332
[32m[info][0m Using 1 devices.
[32m[info][0m Output preallocated: 1
[32m[info][0m Input previously pinned: 1
[32m[info][0m Output previously pinned: 1
[34m[time][0m Prepare input and output buffer time: 0.000004 s
[32m[info][0m DomainDecomposer: no decomposition used
[34m[time][0m Deserialization time: 0.000003 s
[32m[info][0m Decompressing subdomain 0 with shape: 64 64 64 
[32m[info][0m Select device: AMD GPU
[34m[time][0m Huffman decompress time: 0.044159 s
[34m[time][0m Dequantization time: 0.000044 s
[34m[time][0m Dequantization throughput: 47.293868 GB/s
[34m[time][0m Recomposition time: 0.000511 s
[34m[time][0m Recomposition throughput: 4.101399 GB/s
[34m[time][0m Low-level decompression time: 0.044766 s
[34m[time][0m Low-level decompression throughput: 0.046847 GB/s
[34m[time][0m Decompress single subdomain time: 0.056706 s
[34m[time][0m Aggregated low-level decompression time: 0.059835 s
[34m[time][0m Aggregated low-level decompression throughput: 0.035049 GB/s
[34m[time][0m High-level decompression time: 0.059894 s
[34m[time][0m High-level decompression throughput: 0.035014 GB/s
[32m[info][0m Absoluate L_inf error: 3.082795e-02 ([32mSatisified[0m)
[32m[info][0m MSE: 6.034428e-05
[32m[info][0m PSNR: 61.2785
[32m[info][0m Using 1 devices.
[32m[info][0m Estimated memory usage: 0.015805GB, Available: 16.000000GB
[32m[info][0m DomainDecomposer: no decomposition used
[32m[info][0m Output preallocated: 1
[32m[info][0m Input previously pinned: 1
[32m[info][0m Output previously pinned: 1
[34m[time][0m Prepare input and output buffer time: 0.000950 s
[32m[info][0m Compressing subdomain 0 with shape: 64 64 64 
[32m[info][0m Select device: AMD GPU
[34m[time][0m Decomposition time: 0.000539 s
[34m[time][0m Decomposition throughput: 3.887373 GB/s
[34m[time][0m Quantization time: 0.000037 s
[34m[time][0m Quantization throughput: 57.004866 GB/s
[32m[info][0m Outlier ratio: 0/262144 (0.000000%)
[32m[info][0m Huffman block size: 20480
[32m[info][0m Huffman dictionary size: 8192
[32m[info][0m Huffman compress ratio: 1048576/262264 (3.998170)
[34m[time][0m Huffman compress time: 0.020034 s
[34m[time][0m Low-level compression time: 0.020644 s
[34m[time][0m Low-level compression throughput: 0.101587 GB/s
[34m[time][0m Compress single subdomain time: 0.032767 s
[34m[time][0m Aggregated low-level compression time: 0.035908 s
[34m[time][0m Aggregated low-level compression throughput: 0.058404 GB/s
[34m[time][0m Serialization time: 0.000880 s
[34m[time][0m High-level compression time: 0.037803 s
[34m[time][0m High-level compression throughput: 0.055476 GB/s
[32m[info][0m Compression ratio: 7.99332
[32m[info][0m Using 1 devices.
[32m[info][0m Output preallocated: 1
[32m[info][0m Input previously pinned: 1
[32m[info][0m Output previously pinned: 1
[34m[time][0m Prepare input and output buffer time: 0.000004 s
[32m[info][0m DomainDecomposer: no decomposition used
[34m[time][0m Deserialization time: 0.000002 s
[32m[info][0m Decompressing subdomain 0 with shape: 64 64 64 
[32m[info][0m Select device: AMD GPU
[34m[time][0m Huffman decompress time: 0.044025 s
[34m[time][0m Dequantization time: 0.000045 s
[34m[time][0m Dequantization throughput: 46.474283 GB/s
[34m[time][0m Recomposition time: 0.000513 s
[34m[time][0m Recomposition throughput: 4.090583 GB/s
[34m[time][0m Low-level decompression time: 0.044636 s
[34m[time][0m Low-level decompression throughput: 0.046983 GB/s
[34m[time][0m Decompress single subdomain time: 0.056635 s
[34m[time][0m Aggregated low-level decompression time: 0.059770 s
[34m[time][0m Aggregated low-level decompression throughput: 0.035087 GB/s
[34m[time][0m High-level decompression time: 0.059820 s
[34m[time][0m High-level decompression throughput: 0.035058 GB/s
[32m[info][0m Absoluate L_inf error: 3.082795e-02 ([32mSatisified[0m)
[32m[info][0m MSE: 6.034428e-05
[32m[info][0m PSNR: 61.2785
[32m[info][0m Using 1 devices.
[32m[info][0m Estimated memory usage: 0.015805GB, Available: 16.000000GB
[32m[info][0m DomainDecomposer: no decomposition used
[32m[info][0m Output preallocated: 1
[32m[info][0m Input previously pinned: 1
[32m[info][0m Output previously pinned: 1
[34m[time][0m Prepare input and output buffer time: 0.000956 s
[32m[info][0m Compressing subdomain 0 with shape: 64 64 64 
[32m[info][0m Select device: AMD GPU
[34m[time][0m Decomposition time: 0.000538 s
[34m[time][0m Decomposition throughput: 3.896994 GB/s
[34m[time][0m Quantization time: 0.000037 s
[34m[time][0m Quantization throughput: 56.620103 GB/s
[32m[info][0m Outlier ratio: 0/262144 (0.000000%)
[32m[info][0m Huffman block size: 20480
[32m[info][0m Huffman dictionary size: 8192
[32m[info][0m Huffman compress ratio: 1048576/262264 (3.998170)
[34m[time][0m Huffman compress time: 0.020268 s
[34m[time][0m Low-level compression time: 0.020878 s
[34m[time][0m Low-level compression throughput: 0.100449 GB/s
[34m[time][0m Compress single subdomain time: 0.032920 s
[34m[time][0m Aggregated low-level compression time: 0.036068 s
[34m[time][0m Aggregated low-level compression throughput: 0.058145 GB/s
[34m[time][0m Serialization time: 0.000882 s
[34m[time][0m High-level compression time: 0.037973 s
[34m[time][0m High-level compression throughput: 0.055228 GB/s
[32m[info][0m Compression ratio: 7.99332
[32m[info][0m Using 1 devices.
[32m[info][0m Output preallocated: 1
[32m[info][0m Input previously pinned: 1
[32m[info][0m Output previously pinned: 1
[34m[time][0m Prepare input and output buffer time: 0.000004 s
[32m[info][0m DomainDecomposer: no decomposition used
[34m[time][0m Deserialization time: 0.000002 s
[32m[info][0m Decompressing subdomain 0 with shape: 64 64 64 
[32m[info][0m Select device: AMD GPU
[34m[time][0m Huffman decompress time: 0.044223 s
[34m[time][0m Dequantization time: 0.000044 s
[34m[time][0m Dequantization throughput: 47.272547 GB/s
[34m[time][0m Recomposition time: 0.000514 s
[34m[time][0m Recomposition throughput: 4.081245 GB/s
[34m[time][0m Low-level decompression time: 0.044834 s
[34m[time][0m Low-level decompression throughput: 0.046776 GB/s
[34m[time][0m Decompress single subdomain time: 0.056691 s
[34m[time][0m Aggregated low-level decompression time: 0.059834 s
[34m[time][0m Aggregated low-level decompression throughput: 0.035049 GB/s
[34m[time][0m High-level decompression time: 0.059883 s
[34m[time][0m High-level decompression throughput: 0.035021 GB/s
[32m[info][0m Absoluate L_inf error: 3.082795e-02 ([32mSatisified[0m)
[32m[info][0m MSE: 6.034428e-05
[32m[info][0m PSNR: 61.2785
[32m[info][0m Using 1 devices.
[32m[info][0m Estimated memory usage: 0.015805GB, Available: 16.000000GB
[32m[info][0m DomainDecomposer: no decomposition used
[32m[info][0m Output preallocated: 1
[32m[info][0m Input previously pinned: 1
[32m[info][0m Output previously pinned: 1
[34m[time][0m Prepare input and output buffer time: 0.000953 s
[32m[info][0m Compressing subdomain 0 with shape: 64 64 64 
[32m[info][0m Select device: AMD GPU
[34m[time][0m Decomposition time: 0.000542 s
[34m[time][0m Decomposition throughput: 3.867400 GB/s
[34m[time][0m Quantization time: 0.000037 s
[34m[time][0m Quantization throughput: 57.253870 GB/s
[32m[info][0m Outlier ratio: 0/262144 (0.000000%)
[32m[info][0m Huffman block size: 20480
[32m[info][0m Huffman dictionary size: 8192
[32m[info][0m Huffman compress ratio: 1048576/262264 (3.998170)
[34m[time][0m Huffman compress time: 0.020120 s
[34m[time][0m Low-level compression time: 0.020732 s
[34m[time][0m Low-level compression throughput: 0.101156 GB/s
[34m[time][0m Compress single subdomain time: 0.032807 s
[34m[time][0m Aggregated low-level compression time: 0.035935 s
[34m[time][0m Aggregated low-level compression throughput: 0.058360 GB/s
[34m[time][0m Serialization time: 0.000881 s
[34m[time][0m High-level compression time: 0.037834 s
[34m[time][0m High-level compression throughput: 0.055430 GB/s
[32m[info][0m Compression ratio: 7.99332
[32m[info][0m Using 1 devices.
[32m[info][0m Output preallocated: 1
[32m[info][0m Input previously pinned: 1
[32m[info][0m Output previously pinned: 1
[34m[time][0m Prepare input and output buffer time: 0.000004 s
[32m[info][0m DomainDecomposer: no decomposition used
[34m[time][0m Deserialization time: 0.000002 s
[32m[info][0m Decompressing subdomain 0 with shape: 64 64 64 
[32m[info][0m Select device: AMD GPU
[34m[time][0m Huffman decompress time: 0.044245 s
[34m[time][0m Dequantization time: 0.000045 s
[34m[time][0m Dequantization throughput: 46.901463 GB/s
[34m[time][0m Recomposition time: 0.000518 s
[34m[time][0m Recomposition throughput: 4.052013 GB/s
[34m[time][0m Low-level decompression time: 0.044861 s
[34m[time][0m Low-level decompression throughput: 0.046747 GB/s
[34m[time][0m Decompress single subdomain time: 0.056770 s
[34m[time][0m Aggregated low-level decompression time: 0.059891 s
[34m[time][0m Aggregated low-level decompression throughput: 0.035016 GB/s
[34m[time][0m High-level decompression time: 0.059940 s
[34m[time][0m High-level decompression throughput: 0.034987 GB/s
[32m[info][0m Absoluate L_inf error: 3.082795e-02 ([32mSatisified[0m)
[32m[info][0m MSE: 6.034428e-05
[32m[info][0m PSNR: 61.2785
[32m[info][0m Using 1 devices.
[32m[info][0m Estimated memory usage: 0.015805GB, Available: 16.000000GB
[32m[info][0m DomainDecomposer: no decomposition used
[32m[info][0m Output preallocated: 1
[32m[info][0m Input previously pinned: 1
[32m[info][0m Output previously pinned: 1
[34m[time][0m Prepare input and output buffer time: 0.000954 s
[32m[info][0m Compressing subdomain 0 with shape: 64 64 64 
[32m[info][0m Select device: AMD GPU
[34m[time][0m Decomposition time: 0.000539 s
[34m[time][0m Decomposition throughput: 3.892207 GB/s
[34m[time][0m Quantization time: 0.000037 s
[34m[time][0m Quantization throughput: 56.299383 GB/s
[32m[info][0m Outlier ratio: 0/262144 (0.000000%)
[32m[info][0m Huffman block size: 20480
[32m[info][0m Huffman dictionary size: 8192
[32m[info][0m Huffman compress ratio: 1048576/262264 (3.998170)
[34m[time][0m Huffman compress time: 0.020041 s
[34m[time][0m Low-level compression time: 0.020650 s
[34m[time][0m Low-level compression throughput: 0.101557 GB/s
[34m[time][0m Compress single subdomain time: 0.032735 s
[34m[time][0m Aggregated low-level compression time: 0.035860 s
[34m[time][0m Aggregated low-level compression throughput: 0.058482 GB/s
[34m[time][0m Serialization time: 0.000881 s
[34m[time][0m High-level compression time: 0.037762 s
[34m[time][0m High-level compression throughput: 0.055536 GB/s
[32m[info][0m Compression ratio: 7.99332
[32m[info][0m Using 1 devices.
[32m[info][0m Output preallocated: 1
[32m[info][0m Input previously pinned: 1
[32m[info][0m Output previously pinned: 1
[34m[time][0m Prepare input and output buffer time: 0.000005 s
[32m[info][0m DomainDecomposer: no decomposition used
[34m[time][0m Deserialization time: 0.000003 s
[32m[info][0m Decompressing subdomain 0 with shape: 64 64 64 
[32m[info][0m Select device: AMD GPU
[34m[time][0m Huffman decompress time: 0.044634 s
[34m[time][0m Dequantization time: 0.000046 s
[34m[time][0m Dequantization throughput: 45.984125 GB/s
[34m[time][0m Recomposition time: 0.000513 s
[34m[time][0m Recomposition throughput: 4.084910 GB/s
[34m[time][0m Low-level decompression time: 0.045245 s
[34m[time][0m Low-level decompression throughput: 0.046351 GB/s
[34m[time][0m Decompress single subdomain time: 0.057061 s
[34m[time][0m Aggregated low-level decompression time: 0.060183 s
[34m[time][0m Aggregated low-level decompression throughput: 0.034846 GB/s
[34m[time][0m High-level decompression time: 0.060234 s
[34m[time][0m High-level decompression throughput: 0.034817 GB/s
[32m[info][0m Absoluate L_inf error: 3.082795e-02 ([32mSatisified[0m)
[32m[info][0m MSE: 6.034428e-05
[32m[info][0m PSNR: 61.2785
